#
# A fatal error has been detected by the Java Runtime Environment:
#
#  SIGILL (0x4) at pc=0x00007c95199db347, pid=90748, tid=90754
#
# JRE version:  (17.0.8.1+1) (build )
# Java VM: OpenJDK 64-Bit Server VM (17.0.8.1+1, mixed mode, tiered, compressed oops, compressed class ptrs, g1 gc, linux-amd64)
# Problematic frame:
# V  [libjvm.so+0x7db347]  HeapRegionManager::allocate_free_region(HeapRegionType, unsigned int)+0x47
#
# Core dump will be written. Default location: Core dumps may be processed with "/usr/share/apport/apport -p%p -s%s -c%c -d%d -P%P -u%u -g%g -- %E" (or dumping to /home/sakshi/Desktop/Blog Application/blogapp-apis/core.90748)
#
#

---------------  S U M M A R Y ------------

Command Line: -Dfile.encoding=UTF-8 -Dstdout.encoding=UTF-8 -Dstderr.encoding=UTF-8 -XX:+ShowCodeDetailsInExceptionMessages com.blog.BlogappApisApplication

Host: Intel(R) Core(TM) i5-9400F CPU @ 2.90GHz, 6 cores, 15G, Ubuntu 22.04.5 LTS
Time: Tue Dec 17 16:15:15 2024 IST elapsed time: 0.009346 seconds (0d 0h 0m 0s)

---------------  T H R E A D  ---------------

Current thread (0x00007c9514028aa0):  JavaThread "Unknown thread" [_thread_in_vm, id=90754, stack(0x00007c9519100000,0x00007c9519200000)]

Stack: [0x00007c9519100000,0x00007c9519200000],  sp=0x00007c95191fe610,  free space=1017k
Native frames: (J=compiled Java code, j=interpreted, Vv=VM code, C=native code)
V  [libjvm.so+0x7db347]  HeapRegionManager::allocate_free_region(HeapRegionType, unsigned int)+0x47
V  [libjvm.so+0x6f19b6]  G1CollectedHeap::new_region(unsigned long, HeapRegionType, bool, unsigned int)+0x36
V  [libjvm.so+0x6f1af9]  G1CollectedHeap::new_mutator_alloc_region(unsigned long, bool, unsigned int)+0x69
V  [libjvm.so+0x6cd37f]  G1AllocRegion::new_alloc_region_and_allocate(unsigned long, bool)+0x1f
V  [libjvm.so+0x6f261e]  G1CollectedHeap::attempt_allocation_slow(unsigned long)+0x49e
V  [libjvm.so+0x6f2ec8]  G1CollectedHeap::allocate_new_tlab(unsigned long, unsigned long, unsigned long*)+0x108
V  [libjvm.so+0xb7630e]  MemAllocator::allocate_inside_tlab_slow(MemAllocator::Allocation&) const+0x1ee
V  [libjvm.so+0xb76667]  MemAllocator::allocate() const+0x117
V  [libjvm.so+0x80f877]  InstanceMirrorKlass::allocate_instance(Klass*, JavaThread*)+0x57
V  [libjvm.so+0x82c483]  java_lang_Class::create_basic_type_mirror(char const*, BasicType, JavaThread*)+0x23
V  [libjvm.so+0xe913e4]  Universe::initialize_basic_type_mirrors(JavaThread*)+0x44
V  [libjvm.so+0xedf9c2]  vmClasses::resolve_all(JavaThread*)+0xc2
V  [libjvm.so+0xe17343]  SystemDictionary::initialize(JavaThread*)+0xf3
V  [libjvm.so+0xe91055]  Universe::genesis(JavaThread*)+0x265
V  [libjvm.so+0xe92724]  universe2_init()+0x24
V  [libjvm.so+0x7fd3c8]  init_globals()+0x78
V  [libjvm.so+0xe6a9d7]  Threads::create_vm(JavaVMInitArgs*, bool*)+0x387
V  [libjvm.so+0x8bbe82]  JNI_CreateJavaVM+0x52
C  [libjli.so+0x4a0f]  JavaMain+0x8f
C  [libjli.so+0x8d09]  ThreadJavaMain+0x9


siginfo: si_signo: 4 (SIGILL), si_code: 2 (ILL_ILLOPN), si_addr: 0x00007c95199db347

Registers:
RAX=0x00007c951a507700, RBX=0x00007c951403b520, RCX=0x0000000000000000, RDX=0x0000000000000000
RSP=0x00007c95191fe610, RBP=0x00007c95191fe640, RSI=0x0000000000000002, RDI=0x00007c9514040ec0
R8 =0x0000000000000000, R9 =0x0000000000000000, R10=0x00007c9514043850, R11=0x00007c9514043850
R12=0x00007c951a5052f0, R13=0x0000000000000000, R14=0x0000000000000002, R15=0x00007c9514040e40
RIP=0x00007c95199db347, EFLAGS=0x0000000000010206, CSGSFS=0x002b000000000033, ERR=0x0000000000000000
  TRAPNO=0x0000000000000006

Top of Stack: (sp=0x00007c95191fe610)
0x00007c95191fe610:   0000000000000000 00007c951403b3f0
0x00007c95191fe620:   0000000000000002 0000000000000000
0x00007c95191fe630:   00007c951403b520 0000000000000000
0x00007c95191fe640:   00007c95191fe690 00007c95198f19b6 

Instructions: (pc=0x00007c95199db347)
0x00007c95199db247:   d2 48 8d 7b 60 48 83 e0 f8 49 89 c6 49 f7 f5 31
0x00007c95199db257:   d2 49 89 c4 49 8b 47 10 4c 89 e6 49 f7 f5 ba 08
0x00007c95199db267:   00 00 00 49 89 c7 e8 6e e1 ef ff 31 d2 4c 89 63
0x00007c95199db277:   78 4a 8d 34 fd 00 00 00 00 48 89 c1 f3 49 0f bc
0x00007c95199db287:   d5 48 89 43 70 48 29 f1 4c 89 bb 88 00 00 00 48
0x00007c95199db297:   89 8b 80 00 00 00 89 93 90 00 00 00 4d 39 f5 77
0x00007c95199db2a7:   31 48 c7 00 00 00 00 00 4c 8b 63 78 b8 01 00 00
0x00007c95199db2b7:   00 49 83 fc 01 76 1b 66 90 48 8b 53 70 48 c7 04
0x00007c95199db2c7:   c2 00 00 00 00 4c 8b 63 78 48 83 c0 01 49 39 c4
0x00007c95199db2d7:   77 e7 48 83 c4 08 48 8d 7b 18 44 89 e6 5b 41 5c
0x00007c95199db2e7:   41 5d 41 5e 41 5f 5d e9 ed fd f1 ff 90 66 66 2e
0x00007c95199db2f7:   0f 1f 84 00 00 00 00 00 90 55 83 e6 02 48 89 e5
0x00007c95199db307:   41 57 41 56 41 89 f6 41 55 41 89 d5 41 54 53 48
0x00007c95199db317:   89 fb 48 83 ec 08 4c 8d 25 cc 9f b2 00 4d 8b 3c
0x00007c95199db327:   24 83 fa fe 74 10 4c 89 ff e8 6b 87 f5 ff 84 c0
0x00007c95199db337:   0f 85 5b 02 00 00 48 8b bb b8 00 00 00 48 85 ff
0x00007c95199db347:   0e 84 9b 00 00 00 48 8b 07 48 8d 15 69 30 00 00
0x00007c95199db357:   48 8b 00 48 39 d0 0f 85 3d 04 00 00 48 8d 05 6a
0x00007c95199db367:   76 b4 00 8b 00 83 f8 02 0f 85 cb 03 00 00 66 48
0x00007c95199db377:   8d 3d 1b fc ad 00 66 66 48 e8 8b 81 a7 ff 48 8d
0x00007c95199db387:   15 74 a8 e1 ff 48 8b 38 48 8b 07 48 8b 40 38 48
0x00007c95199db397:   39 d0 0f 85 21 05 00 00 48 8d 05 9a 2c b4 00 48
0x00007c95199db3a7:   8b 38 e8 92 c8 3f 00 84 c0 75 36 48 8d 05 8f 3f
0x00007c95199db3b7:   ae 00 48 8d 0d 60 58 7e 00 48 8d 15 e1 b9 7d 00
0x00007c95199db3c7:   be 35 00 00 00 48 8d 3d 85 58 7e 00 48 8b 00 c6
0x00007c95199db3d7:   00 58 31 c0 e8 e0 ee e2 ff e8 2b dd 43 00 0f 1f
0x00007c95199db3e7:   00 8b 83 c0 00 00 00 85 c0 0f 84 3a 03 00 00 45
0x00007c95199db3f7:   85 f6 0f 84 41 01 00 00 4c 8b a3 e0 00 00 00 49
0x00007c95199db407:   8b 84 24 d8 00 00 00 48 89 83 e0 00 00 00 48 85
0x00007c95199db417:   c0 0f 84 6a 04 00 00 48 c7 80 d0 00 00 00 00 00
0x00007c95199db427:   00 00 49 c7 84 24 d8 00 00 00 00 00 00 00 4c 39
0x00007c95199db437:   a3 e8 00 00 00 0f 84 41 01 00 00 48 8b bb b8 00 



---------------  P R O C E S S  ---------------

Threads class SMR info:
_java_thread_list=0x00007c951a53fa80, length=0, elements={
}

Java Threads: ( => current thread )

Other Threads:
  0x00007c9514093bb0 GCTaskThread "GC Thread#0" [stack: 0x00007c9518824000,0x00007c9518924000] [id=90756]
  0x00007c95140a4ab0 ConcurrentGCThread "G1 Main Marker" [stack: 0x00007c9518722000,0x00007c9518822000] [id=90757]
  0x00007c95140a5a20 ConcurrentGCThread "G1 Conc#0" [stack: 0x00007c9518620000,0x00007c9518720000] [id=90758]
  0x00007c9514151d00 ConcurrentGCThread "G1 Refine#0" [stack: 0x00007c9513f00000,0x00007c9514000000] [id=90759]
  0x00007c9514152bf0 ConcurrentGCThread "G1 Service" [stack: 0x00007c94fff00000,0x00007c9500000000] [id=90760]

=>0x00007c9514028aa0 (exited) JavaThread "Unknown thread" [_thread_in_vm, id=90754, stack(0x00007c9519100000,0x00007c9519200000)]

Threads with active compile tasks:

VM state: not at safepoint (not fully initialized)

VM Mutex/Monitor currently owned by a thread:  ([mutex/lock_event])
[0x00007c9514026510] Heap_lock - owner thread: 0x00007c9514028aa0

Heap address: 0x0000000706e00000, size: 3986 MB, Compressed Oops mode: Zero based, Oop shift amount: 3

CDS archive(s) not mapped
Compressed class space mapped at: 0x0000000800000000-0x0000000840000000, reserved size: 1073741824
Narrow klass base: 0x0000000800000000, Narrow klass shift: 0, Narrow klass range: 0x40000000

GC Precious Log:
 CPUs: 6 total, 6 available
 Memory: 15936M
 Large Page Support: Disabled
 NUMA Support: Disabled
 Compressed Oops: Enabled (Zero based)
 Heap Region Size: 2M
 Heap Min Capacity: 8M
 Heap Initial Capacity: 250M
 Heap Max Capacity: 3986M
 Pre-touch: Disabled
 Parallel Workers: 6
 Concurrent Workers: 2
 Concurrent Refinement Workers: 6
 Periodic GC: Disabled

Heap:
 garbage-first heap   total 256000K, used 0K [0x0000000706e00000, 0x0000000800000000)
  region size 2048K, 0 young (0K), 0 survivors (0K)
 Metaspace       used 134K, committed 192K, reserved 1114112K
  class space    used 10K, committed 64K, reserved 1048576K

Heap Regions: E=young(eden), S=young(survivor), O=old, HS=humongous(starts), HC=humongous(continues), CS=collection set, F=free, OA=open archive, CA=closed archive, TAMS=top-at-mark-start (previous, next)
|   0|0x0000000706e00000, 0x0000000706e00000, 0x0000000707000000|  0%| F|  |TAMS 0x0000000706e00000, 0x0000000706e00000| Untracked 
|   1|0x0000000707000000, 0x0000000707000000, 0x0000000707200000|  0%| F|  |TAMS 0x0000000707000000, 0x0000000707000000| Untracked 
|   2|0x0000000707200000, 0x0000000707200000, 0x0000000707400000|  0%| F|  |TAMS 0x0000000707200000, 0x0000000707200000| Untracked 
|   3|0x0000000707400000, 0x0000000707400000, 0x0000000707600000|  0%| F|  |TAMS 0x0000000707400000, 0x0000000707400000| Untracked 
|   4|0x0000000707600000, 0x0000000707600000, 0x0000000707800000|  0%| F|  |TAMS 0x0000000707600000, 0x0000000707600000| Untracked 
|   5|0x0000000707800000, 0x0000000707800000, 0x0000000707a00000|  0%| F|  |TAMS 0x0000000707800000, 0x0000000707800000| Untracked 
|   6|0x0000000707a00000, 0x0000000707a00000, 0x0000000707c00000|  0%| F|  |TAMS 0x0000000707a00000, 0x0000000707a00000| Untracked 
|   7|0x0000000707c00000, 0x0000000707c00000, 0x0000000707e00000|  0%| F|  |TAMS 0x0000000707c00000, 0x0000000707c00000| Untracked 
|   8|0x0000000707e00000, 0x0000000707e00000, 0x0000000708000000|  0%| F|  |TAMS 0x0000000707e00000, 0x0000000707e00000| Untracked 
|   9|0x0000000708000000, 0x0000000708000000, 0x0000000708200000|  0%| F|  |TAMS 0x0000000708000000, 0x0000000708000000| Untracked 
|  10|0x0000000708200000, 0x0000000708200000, 0x0000000708400000|  0%| F|  |TAMS 0x0000000708200000, 0x0000000708200000| Untracked 
|  11|0x0000000708400000, 0x0000000708400000, 0x0000000708600000|  0%| F|  |TAMS 0x0000000708400000, 0x0000000708400000| Untracked 
|  12|0x0000000708600000, 0x0000000708600000, 0x0000000708800000|  0%| F|  |TAMS 0x0000000708600000, 0x0000000708600000| Untracked 
|  13|0x0000000708800000, 0x0000000708800000, 0x0000000708a00000|  0%| F|  |TAMS 0x0000000708800000, 0x0000000708800000| Untracked 
|  14|0x0000000708a00000, 0x0000000708a00000, 0x0000000708c00000|  0%| F|  |TAMS 0x0000000708a00000, 0x0000000708a00000| Untracked 
|  15|0x0000000708c00000, 0x0000000708c00000, 0x0000000708e00000|  0%| F|  |TAMS 0x0000000708c00000, 0x0000000708c00000| Untracked 
|  16|0x0000000708e00000, 0x0000000708e00000, 0x0000000709000000|  0%| F|  |TAMS 0x0000000708e00000, 0x0000000708e00000| Untracked 
|  17|0x0000000709000000, 0x0000000709000000, 0x0000000709200000|  0%| F|  |TAMS 0x0000000709000000, 0x0000000709000000| Untracked 
|  18|0x0000000709200000, 0x0000000709200000, 0x0000000709400000|  0%| F|  |TAMS 0x0000000709200000, 0x0000000709200000| Untracked 
|  19|0x0000000709400000, 0x0000000709400000, 0x0000000709600000|  0%| F|  |TAMS 0x0000000709400000, 0x0000000709400000| Untracked 
|  20|0x0000000709600000, 0x0000000709600000, 0x0000000709800000|  0%| F|  |TAMS 0x0000000709600000, 0x0000000709600000| Untracked 
|  21|0x0000000709800000, 0x0000000709800000, 0x0000000709a00000|  0%| F|  |TAMS 0x0000000709800000, 0x0000000709800000| Untracked 
|  22|0x0000000709a00000, 0x0000000709a00000, 0x0000000709c00000|  0%| F|  |TAMS 0x0000000709a00000, 0x0000000709a00000| Untracked 
|  23|0x0000000709c00000, 0x0000000709c00000, 0x0000000709e00000|  0%| F|  |TAMS 0x0000000709c00000, 0x0000000709c00000| Untracked 
|  24|0x0000000709e00000, 0x0000000709e00000, 0x000000070a000000|  0%| F|  |TAMS 0x0000000709e00000, 0x0000000709e00000| Untracked 
|  25|0x000000070a000000, 0x000000070a000000, 0x000000070a200000|  0%| F|  |TAMS 0x000000070a000000, 0x000000070a000000| Untracked 
|  26|0x000000070a200000, 0x000000070a200000, 0x000000070a400000|  0%| F|  |TAMS 0x000000070a200000, 0x000000070a200000| Untracked 
|  27|0x000000070a400000, 0x000000070a400000, 0x000000070a600000|  0%| F|  |TAMS 0x000000070a400000, 0x000000070a400000| Untracked 
|  28|0x000000070a600000, 0x000000070a600000, 0x000000070a800000|  0%| F|  |TAMS 0x000000070a600000, 0x000000070a600000| Untracked 
|  29|0x000000070a800000, 0x000000070a800000, 0x000000070aa00000|  0%| F|  |TAMS 0x000000070a800000, 0x000000070a800000| Untracked 
|  30|0x000000070aa00000, 0x000000070aa00000, 0x000000070ac00000|  0%| F|  |TAMS 0x000000070aa00000, 0x000000070aa00000| Untracked 
|  31|0x000000070ac00000, 0x000000070ac00000, 0x000000070ae00000|  0%| F|  |TAMS 0x000000070ac00000, 0x000000070ac00000| Untracked 
|  32|0x000000070ae00000, 0x000000070ae00000, 0x000000070b000000|  0%| F|  |TAMS 0x000000070ae00000, 0x000000070ae00000| Untracked 
|  33|0x000000070b000000, 0x000000070b000000, 0x000000070b200000|  0%| F|  |TAMS 0x000000070b000000, 0x000000070b000000| Untracked 
|  34|0x000000070b200000, 0x000000070b200000, 0x000000070b400000|  0%| F|  |TAMS 0x000000070b200000, 0x000000070b200000| Untracked 
|  35|0x000000070b400000, 0x000000070b400000, 0x000000070b600000|  0%| F|  |TAMS 0x000000070b400000, 0x000000070b400000| Untracked 
|  36|0x000000070b600000, 0x000000070b600000, 0x000000070b800000|  0%| F|  |TAMS 0x000000070b600000, 0x000000070b600000| Untracked 
|  37|0x000000070b800000, 0x000000070b800000, 0x000000070ba00000|  0%| F|  |TAMS 0x000000070b800000, 0x000000070b800000| Untracked 
|  38|0x000000070ba00000, 0x000000070ba00000, 0x000000070bc00000|  0%| F|  |TAMS 0x000000070ba00000, 0x000000070ba00000| Untracked 
|  39|0x000000070bc00000, 0x000000070bc00000, 0x000000070be00000|  0%| F|  |TAMS 0x000000070bc00000, 0x000000070bc00000| Untracked 
|  40|0x000000070be00000, 0x000000070be00000, 0x000000070c000000|  0%| F|  |TAMS 0x000000070be00000, 0x000000070be00000| Untracked 
|  41|0x000000070c000000, 0x000000070c000000, 0x000000070c200000|  0%| F|  |TAMS 0x000000070c000000, 0x000000070c000000| Untracked 
|  42|0x000000070c200000, 0x000000070c200000, 0x000000070c400000|  0%| F|  |TAMS 0x000000070c200000, 0x000000070c200000| Untracked 
|  43|0x000000070c400000, 0x000000070c400000, 0x000000070c600000|  0%| F|  |TAMS 0x000000070c400000, 0x000000070c400000| Untracked 
|  44|0x000000070c600000, 0x000000070c600000, 0x000000070c800000|  0%| F|  |TAMS 0x000000070c600000, 0x000000070c600000| Untracked 
|  45|0x000000070c800000, 0x000000070c800000, 0x000000070ca00000|  0%| F|  |TAMS 0x000000070c800000, 0x000000070c800000| Untracked 
|  46|0x000000070ca00000, 0x000000070ca00000, 0x000000070cc00000|  0%| F|  |TAMS 0x000000070ca00000, 0x000000070ca00000| Untracked 
|  47|0x000000070cc00000, 0x000000070cc00000, 0x000000070ce00000|  0%| F|  |TAMS 0x000000070cc00000, 0x000000070cc00000| Untracked 
|  48|0x000000070ce00000, 0x000000070ce00000, 0x000000070d000000|  0%| F|  |TAMS 0x000000070ce00000, 0x000000070ce00000| Untracked 
|  49|0x000000070d000000, 0x000000070d000000, 0x000000070d200000|  0%| F|  |TAMS 0x000000070d000000, 0x000000070d000000| Untracked 
|  50|0x000000070d200000, 0x000000070d200000, 0x000000070d400000|  0%| F|  |TAMS 0x000000070d200000, 0x000000070d200000| Untracked 
|  51|0x000000070d400000, 0x000000070d400000, 0x000000070d600000|  0%| F|  |TAMS 0x000000070d400000, 0x000000070d400000| Untracked 
|  52|0x000000070d600000, 0x000000070d600000, 0x000000070d800000|  0%| F|  |TAMS 0x000000070d600000, 0x000000070d600000| Untracked 
|  53|0x000000070d800000, 0x000000070d800000, 0x000000070da00000|  0%| F|  |TAMS 0x000000070d800000, 0x000000070d800000| Untracked 
|  54|0x000000070da00000, 0x000000070da00000, 0x000000070dc00000|  0%| F|  |TAMS 0x000000070da00000, 0x000000070da00000| Untracked 
|  55|0x000000070dc00000, 0x000000070dc00000, 0x000000070de00000|  0%| F|  |TAMS 0x000000070dc00000, 0x000000070dc00000| Untracked 
|  56|0x000000070de00000, 0x000000070de00000, 0x000000070e000000|  0%| F|  |TAMS 0x000000070de00000, 0x000000070de00000| Untracked 
|  57|0x000000070e000000, 0x000000070e000000, 0x000000070e200000|  0%| F|  |TAMS 0x000000070e000000, 0x000000070e000000| Untracked 
|  58|0x000000070e200000, 0x000000070e200000, 0x000000070e400000|  0%| F|  |TAMS 0x000000070e200000, 0x000000070e200000| Untracked 
|  59|0x000000070e400000, 0x000000070e400000, 0x000000070e600000|  0%| F|  |TAMS 0x000000070e400000, 0x000000070e400000| Untracked 
|  60|0x000000070e600000, 0x000000070e600000, 0x000000070e800000|  0%| F|  |TAMS 0x000000070e600000, 0x000000070e600000| Untracked 
|  61|0x000000070e800000, 0x000000070e800000, 0x000000070ea00000|  0%| F|  |TAMS 0x000000070e800000, 0x000000070e800000| Untracked 
|  62|0x000000070ea00000, 0x000000070ea00000, 0x000000070ec00000|  0%| F|  |TAMS 0x000000070ea00000, 0x000000070ea00000| Untracked 
|  63|0x000000070ec00000, 0x000000070ec00000, 0x000000070ee00000|  0%| F|  |TAMS 0x000000070ec00000, 0x000000070ec00000| Untracked 
|  64|0x000000070ee00000, 0x000000070ee00000, 0x000000070f000000|  0%| F|  |TAMS 0x000000070ee00000, 0x000000070ee00000| Untracked 
|  65|0x000000070f000000, 0x000000070f000000, 0x000000070f200000|  0%| F|  |TAMS 0x000000070f000000, 0x000000070f000000| Untracked 
|  66|0x000000070f200000, 0x000000070f200000, 0x000000070f400000|  0%| F|  |TAMS 0x000000070f200000, 0x000000070f200000| Untracked 
|  67|0x000000070f400000, 0x000000070f400000, 0x000000070f600000|  0%| F|  |TAMS 0x000000070f400000, 0x000000070f400000| Untracked 
|  68|0x000000070f600000, 0x000000070f600000, 0x000000070f800000|  0%| F|  |TAMS 0x000000070f600000, 0x000000070f600000| Untracked 
|  69|0x000000070f800000, 0x000000070f800000, 0x000000070fa00000|  0%| F|  |TAMS 0x000000070f800000, 0x000000070f800000| Untracked 
|  70|0x000000070fa00000, 0x000000070fa00000, 0x000000070fc00000|  0%| F|  |TAMS 0x000000070fa00000, 0x000000070fa00000| Untracked 
|  71|0x000000070fc00000, 0x000000070fc00000, 0x000000070fe00000|  0%| F|  |TAMS 0x000000070fc00000, 0x000000070fc00000| Untracked 
|  72|0x000000070fe00000, 0x000000070fe00000, 0x0000000710000000|  0%| F|  |TAMS 0x000000070fe00000, 0x000000070fe00000| Untracked 
|  73|0x0000000710000000, 0x0000000710000000, 0x0000000710200000|  0%| F|  |TAMS 0x0000000710000000, 0x0000000710000000| Untracked 
|  74|0x0000000710200000, 0x0000000710200000, 0x0000000710400000|  0%| F|  |TAMS 0x0000000710200000, 0x0000000710200000| Untracked 
|  75|0x0000000710400000, 0x0000000710400000, 0x0000000710600000|  0%| F|  |TAMS 0x0000000710400000, 0x0000000710400000| Untracked 
|  76|0x0000000710600000, 0x0000000710600000, 0x0000000710800000|  0%| F|  |TAMS 0x0000000710600000, 0x0000000710600000| Untracked 
|  77|0x0000000710800000, 0x0000000710800000, 0x0000000710a00000|  0%| F|  |TAMS 0x0000000710800000, 0x0000000710800000| Untracked 
|  78|0x0000000710a00000, 0x0000000710a00000, 0x0000000710c00000|  0%| F|  |TAMS 0x0000000710a00000, 0x0000000710a00000| Untracked 
|  79|0x0000000710c00000, 0x0000000710c00000, 0x0000000710e00000|  0%| F|  |TAMS 0x0000000710c00000, 0x0000000710c00000| Untracked 
|  80|0x0000000710e00000, 0x0000000710e00000, 0x0000000711000000|  0%| F|  |TAMS 0x0000000710e00000, 0x0000000710e00000| Untracked 
|  81|0x0000000711000000, 0x0000000711000000, 0x0000000711200000|  0%| F|  |TAMS 0x0000000711000000, 0x0000000711000000| Untracked 
|  82|0x0000000711200000, 0x0000000711200000, 0x0000000711400000|  0%| F|  |TAMS 0x0000000711200000, 0x0000000711200000| Untracked 
|  83|0x0000000711400000, 0x0000000711400000, 0x0000000711600000|  0%| F|  |TAMS 0x0000000711400000, 0x0000000711400000| Untracked 
|  84|0x0000000711600000, 0x0000000711600000, 0x0000000711800000|  0%| F|  |TAMS 0x0000000711600000, 0x0000000711600000| Untracked 
|  85|0x0000000711800000, 0x0000000711800000, 0x0000000711a00000|  0%| F|  |TAMS 0x0000000711800000, 0x0000000711800000| Untracked 
|  86|0x0000000711a00000, 0x0000000711a00000, 0x0000000711c00000|  0%| F|  |TAMS 0x0000000711a00000, 0x0000000711a00000| Untracked 
|  87|0x0000000711c00000, 0x0000000711c00000, 0x0000000711e00000|  0%| F|  |TAMS 0x0000000711c00000, 0x0000000711c00000| Untracked 
|  88|0x0000000711e00000, 0x0000000711e00000, 0x0000000712000000|  0%| F|  |TAMS 0x0000000711e00000, 0x0000000711e00000| Untracked 
|  89|0x0000000712000000, 0x0000000712000000, 0x0000000712200000|  0%| F|  |TAMS 0x0000000712000000, 0x0000000712000000| Untracked 
|  90|0x0000000712200000, 0x0000000712200000, 0x0000000712400000|  0%| F|  |TAMS 0x0000000712200000, 0x0000000712200000| Untracked 
|  91|0x0000000712400000, 0x0000000712400000, 0x0000000712600000|  0%| F|  |TAMS 0x0000000712400000, 0x0000000712400000| Untracked 
|  92|0x0000000712600000, 0x0000000712600000, 0x0000000712800000|  0%| F|  |TAMS 0x0000000712600000, 0x0000000712600000| Untracked 
|  93|0x0000000712800000, 0x0000000712800000, 0x0000000712a00000|  0%| F|  |TAMS 0x0000000712800000, 0x0000000712800000| Untracked 
|  94|0x0000000712a00000, 0x0000000712a00000, 0x0000000712c00000|  0%| F|  |TAMS 0x0000000712a00000, 0x0000000712a00000| Untracked 
|  95|0x0000000712c00000, 0x0000000712c00000, 0x0000000712e00000|  0%| F|  |TAMS 0x0000000712c00000, 0x0000000712c00000| Untracked 
|  96|0x0000000712e00000, 0x0000000712e00000, 0x0000000713000000|  0%| F|  |TAMS 0x0000000712e00000, 0x0000000712e00000| Untracked 
|  97|0x0000000713000000, 0x0000000713000000, 0x0000000713200000|  0%| F|  |TAMS 0x0000000713000000, 0x0000000713000000| Untracked 
|  98|0x0000000713200000, 0x0000000713200000, 0x0000000713400000|  0%| F|  |TAMS 0x0000000713200000, 0x0000000713200000| Untracked 
|  99|0x0000000713400000, 0x0000000713400000, 0x0000000713600000|  0%| F|  |TAMS 0x0000000713400000, 0x0000000713400000| Untracked 
| 100|0x0000000713600000, 0x0000000713600000, 0x0000000713800000|  0%| F|  |TAMS 0x0000000713600000, 0x0000000713600000| Untracked 
| 101|0x0000000713800000, 0x0000000713800000, 0x0000000713a00000|  0%| F|  |TAMS 0x0000000713800000, 0x0000000713800000| Untracked 
| 102|0x0000000713a00000, 0x0000000713a00000, 0x0000000713c00000|  0%| F|  |TAMS 0x0000000713a00000, 0x0000000713a00000| Untracked 
| 103|0x0000000713c00000, 0x0000000713c00000, 0x0000000713e00000|  0%| F|  |TAMS 0x0000000713c00000, 0x0000000713c00000| Untracked 
| 104|0x0000000713e00000, 0x0000000713e00000, 0x0000000714000000|  0%| F|  |TAMS 0x0000000713e00000, 0x0000000713e00000| Untracked 
| 105|0x0000000714000000, 0x0000000714000000, 0x0000000714200000|  0%| F|  |TAMS 0x0000000714000000, 0x0000000714000000| Untracked 
| 106|0x0000000714200000, 0x0000000714200000, 0x0000000714400000|  0%| F|  |TAMS 0x0000000714200000, 0x0000000714200000| Untracked 
| 107|0x0000000714400000, 0x0000000714400000, 0x0000000714600000|  0%| F|  |TAMS 0x0000000714400000, 0x0000000714400000| Untracked 
| 108|0x0000000714600000, 0x0000000714600000, 0x0000000714800000|  0%| F|  |TAMS 0x0000000714600000, 0x0000000714600000| Untracked 
| 109|0x0000000714800000, 0x0000000714800000, 0x0000000714a00000|  0%| F|  |TAMS 0x0000000714800000, 0x0000000714800000| Untracked 
| 110|0x0000000714a00000, 0x0000000714a00000, 0x0000000714c00000|  0%| F|  |TAMS 0x0000000714a00000, 0x0000000714a00000| Untracked 
| 111|0x0000000714c00000, 0x0000000714c00000, 0x0000000714e00000|  0%| F|  |TAMS 0x0000000714c00000, 0x0000000714c00000| Untracked 
| 112|0x0000000714e00000, 0x0000000714e00000, 0x0000000715000000|  0%| F|  |TAMS 0x0000000714e00000, 0x0000000714e00000| Untracked 
| 113|0x0000000715000000, 0x0000000715000000, 0x0000000715200000|  0%| F|  |TAMS 0x0000000715000000, 0x0000000715000000| Untracked 
| 114|0x0000000715200000, 0x0000000715200000, 0x0000000715400000|  0%| F|  |TAMS 0x0000000715200000, 0x0000000715200000| Untracked 
| 115|0x0000000715400000, 0x0000000715400000, 0x0000000715600000|  0%| F|  |TAMS 0x0000000715400000, 0x0000000715400000| Untracked 
| 116|0x0000000715600000, 0x0000000715600000, 0x0000000715800000|  0%| F|  |TAMS 0x0000000715600000, 0x0000000715600000| Untracked 
| 117|0x0000000715800000, 0x0000000715800000, 0x0000000715a00000|  0%| F|  |TAMS 0x0000000715800000, 0x0000000715800000| Untracked 
| 118|0x0000000715a00000, 0x0000000715a00000, 0x0000000715c00000|  0%| F|  |TAMS 0x0000000715a00000, 0x0000000715a00000| Untracked 
| 119|0x0000000715c00000, 0x0000000715c00000, 0x0000000715e00000|  0%| F|  |TAMS 0x0000000715c00000, 0x0000000715c00000| Untracked 
| 120|0x0000000715e00000, 0x0000000715e00000, 0x0000000716000000|  0%| F|  |TAMS 0x0000000715e00000, 0x0000000715e00000| Untracked 
| 121|0x0000000716000000, 0x0000000716000000, 0x0000000716200000|  0%| F|  |TAMS 0x0000000716000000, 0x0000000716000000| Untracked 
| 122|0x0000000716200000, 0x0000000716200000, 0x0000000716400000|  0%| F|  |TAMS 0x0000000716200000, 0x0000000716200000| Untracked 
| 123|0x0000000716400000, 0x0000000716400000, 0x0000000716600000|  0%| F|  |TAMS 0x0000000716400000, 0x0000000716400000| Untracked 
| 124|0x0000000716600000, 0x0000000716600000, 0x0000000716800000|  0%| F|  |TAMS 0x0000000716600000, 0x0000000716600000| Untracked 

Card table byte_map: [0x00007c9500800000,0x00007c9500fc9000] _byte_map_base: 0x00007c94fcfc9000

Marking Bits (Prev, Next): (CMBitMap*) 0x00007c9514094630, (CMBitMap*) 0x00007c9514094670
 Prev Bits: [0x00007c94fc000000, 0x00007c94ffe48000)
 Next Bits: [0x00007c94f8000000, 0x00007c94fbe48000)

GC Heap History (0 events):
No events

Dll operation events (1 events):
Event: 0.001 Loaded shared library /home/sakshi/Desktop/spring-tool-suite-4-4.20.0.RELEASE-e4.29.0-linux.gtk.x86_64/sts-4.20.0.RELEASE/plugins/org.eclipse.justj.openjdk.hotspot.jre.full.linux.x86_64_17.0.8.v20230831-1047/jre/lib/libjava.so

Deoptimization events (0 events):
No events

Classes unloaded (0 events):
No events

Classes redefined (0 events):
No events

Internal exceptions (0 events):
No events

VM Operations (0 events):
No events

Events (20 events):
Event: 0.006 loading class java/lang/Comparable done
Event: 0.006 loading class java/lang/CharSequence
Event: 0.006 loading class java/lang/CharSequence done
Event: 0.006 loading class java/lang/constant/Constable
Event: 0.006 loading class java/lang/constant/Constable done
Event: 0.006 loading class java/lang/constant/ConstantDesc
Event: 0.006 loading class java/lang/constant/ConstantDesc done
Event: 0.006 loading class java/lang/String done
Event: 0.006 loading class java/lang/Class
Event: 0.006 loading class java/lang/reflect/GenericDeclaration
Event: 0.006 loading class java/lang/reflect/AnnotatedElement
Event: 0.006 loading class java/lang/reflect/AnnotatedElement done
Event: 0.006 loading class java/lang/reflect/GenericDeclaration done
Event: 0.006 loading class java/lang/reflect/Type
Event: 0.006 loading class java/lang/reflect/Type done
Event: 0.006 loading class java/lang/invoke/TypeDescriptor$OfField
Event: 0.006 loading class java/lang/invoke/TypeDescriptor
Event: 0.006 loading class java/lang/invoke/TypeDescriptor done
Event: 0.006 loading class java/lang/invoke/TypeDescriptor$OfField done
Event: 0.007 loading class java/lang/Class done


Dynamic libraries:
706e00000-716800000 rw-p 00000000 00:00 0 
716800000-800040000 ---p 00000000 00:00 0 
800040000-800050000 rw-p 00000000 00:00 0 
800050000-840000000 ---p 00000000 00:00 0 
62ab71770000-62ab71771000 r--p 00000000 08:02 9065177                    /home/sakshi/Desktop/spring-tool-suite-4-4.20.0.RELEASE-e4.29.0-linux.gtk.x86_64/sts-4.20.0.RELEASE/plugins/org.eclipse.justj.openjdk.hotspot.jre.full.linux.x86_64_17.0.8.v20230831-1047/jre/bin/java
62ab71771000-62ab71772000 r-xp 00001000 08:02 9065177                    /home/sakshi/Desktop/spring-tool-suite-4-4.20.0.RELEASE-e4.29.0-linux.gtk.x86_64/sts-4.20.0.RELEASE/plugins/org.eclipse.justj.openjdk.hotspot.jre.full.linux.x86_64_17.0.8.v20230831-1047/jre/bin/java
62ab71772000-62ab71773000 r--p 00002000 08:02 9065177                    /home/sakshi/Desktop/spring-tool-suite-4-4.20.0.RELEASE-e4.29.0-linux.gtk.x86_64/sts-4.20.0.RELEASE/plugins/org.eclipse.justj.openjdk.hotspot.jre.full.linux.x86_64_17.0.8.v20230831-1047/jre/bin/java
62ab71773000-62ab71774000 r--p 00002000 08:02 9065177                    /home/sakshi/Desktop/spring-tool-suite-4-4.20.0.RELEASE-e4.29.0-linux.gtk.x86_64/sts-4.20.0.RELEASE/plugins/org.eclipse.justj.openjdk.hotspot.jre.full.linux.x86_64_17.0.8.v20230831-1047/jre/bin/java
62ab71774000-62ab71775000 rw-p 00003000 08:02 9065177                    /home/sakshi/Desktop/spring-tool-suite-4-4.20.0.RELEASE-e4.29.0-linux.gtk.x86_64/sts-4.20.0.RELEASE/plugins/org.eclipse.justj.openjdk.hotspot.jre.full.linux.x86_64_17.0.8.v20230831-1047/jre/bin/java
62ab726e0000-62ab7272b000 rw-p 00000000 00:00 0                          [heap]
7c94d4000000-7c94d4020000 rw-p 00000000 00:00 0 
7c94d4020000-7c94d8000000 ---p 00000000 00:00 0 
7c94d8000000-7c94d8021000 rw-p 00000000 00:00 0 
7c94d8021000-7c94dc000000 ---p 00000000 00:00 0 
7c94e0000000-7c94e0021000 rw-p 00000000 00:00 0 
7c94e0021000-7c94e4000000 ---p 00000000 00:00 0 
7c94e4000000-7c94e4021000 rw-p 00000000 00:00 0 
7c94e4021000-7c94e8000000 ---p 00000000 00:00 0 
7c94ec000000-7c94ec021000 rw-p 00000000 00:00 0 
7c94ec021000-7c94f0000000 ---p 00000000 00:00 0 
7c94f0000000-7c94f0021000 rw-p 00000000 00:00 0 
7c94f0021000-7c94f4000000 ---p 00000000 00:00 0 
7c94f5c00000-7c94f5e97000 rw-p 00000000 00:00 0 
7c94f5ea9000-7c94f83e8000 rw-p 00000000 00:00 0 
7c94f83e8000-7c94fbe48000 ---p 00000000 00:00 0 
7c94fbf7f000-7c94fc3e8000 rw-p 00000000 00:00 0 
7c94fc3e8000-7c94ffe48000 ---p 00000000 00:00 0 
7c94ffea3000-7c94ffefe000 rw-p 00000000 00:00 0 
7c94ffefe000-7c94ffeff000 ---p 00000000 00:00 0 
7c94ffeff000-7c9500000000 rw-p 00000000 00:00 0 
7c9500000000-7c950007d000 rw-p 00000000 00:00 0 
7c950007d000-7c95007c9000 ---p 00000000 00:00 0 
7c9500800000-7c950087d000 rw-p 00000000 00:00 0 
7c950087d000-7c9500fc9000 ---p 00000000 00:00 0 
7c9501000000-7c950107d000 rw-p 00000000 00:00 0 
7c950107d000-7c95017c9000 ---p 00000000 00:00 0 
7c9501800000-7c9501a70000 rwxp 00000000 00:00 0 
7c9501a70000-7c9508d37000 ---p 00000000 00:00 0 
7c9508d37000-7c9508fa7000 rwxp 00000000 00:00 0 
7c9508fa7000-7c95092c8000 ---p 00000000 00:00 0 
7c95092c8000-7c9509538000 rwxp 00000000 00:00 0 
7c9509538000-7c9510800000 ---p 00000000 00:00 0 
7c9510800000-7c9513e6b000 r--s 00000000 08:02 9065259                    /home/sakshi/Desktop/spring-tool-suite-4-4.20.0.RELEASE-e4.29.0-linux.gtk.x86_64/sts-4.20.0.RELEASE/plugins/org.eclipse.justj.openjdk.hotspot.jre.full.linux.x86_64_17.0.8.v20230831-1047/jre/lib/modules
7c9513ebd000-7c9513efe000 rw-p 00000000 00:00 0 
7c9513efe000-7c9513eff000 ---p 00000000 00:00 0 
7c9513eff000-7c9514000000 rw-p 00000000 00:00 0 
7c9514000000-7c95141a7000 rw-p 00000000 00:00 0 
7c95141a7000-7c9518000000 ---p 00000000 00:00 0 
7c9518018000-7c951861e000 rw-p 00000000 00:00 0 
7c951861e000-7c951861f000 ---p 00000000 00:00 0 
7c951861f000-7c9518720000 rw-p 00000000 00:00 0 
7c9518720000-7c9518721000 ---p 00000000 00:00 0 
7c9518721000-7c9518822000 rw-p 00000000 00:00 0 
7c9518822000-7c9518823000 ---p 00000000 00:00 0 
7c9518823000-7c9518924000 rw-p 00000000 00:00 0 
7c9518924000-7c9518f2f000 rw-p 00000000 00:00 0 
7c9518f2f000-7c9519015000 ---p 00000000 00:00 0 
7c9519015000-7c951901a000 rw-p 00000000 00:00 0 
7c951901a000-7c9519100000 ---p 00000000 00:00 0 
7c9519100000-7c9519104000 ---p 00000000 00:00 0 
7c9519104000-7c9519200000 rw-p 00000000 00:00 0 
7c9519200000-7c9519453000 r--p 00000000 08:02 9065229                    /home/sakshi/Desktop/spring-tool-suite-4-4.20.0.RELEASE-e4.29.0-linux.gtk.x86_64/sts-4.20.0.RELEASE/plugins/org.eclipse.justj.openjdk.hotspot.jre.full.linux.x86_64_17.0.8.v20230831-1047/jre/lib/server/libjvm.so
7c9519453000-7c951a175000 r-xp 00253000 08:02 9065229                    /home/sakshi/Desktop/spring-tool-suite-4-4.20.0.RELEASE-e4.29.0-linux.gtk.x86_64/sts-4.20.0.RELEASE/plugins/org.eclipse.justj.openjdk.hotspot.jre.full.linux.x86_64_17.0.8.v20230831-1047/jre/lib/server/libjvm.so
7c951a175000-7c951a402000 r--p 00f75000 08:02 9065229                    /home/sakshi/Desktop/spring-tool-suite-4-4.20.0.RELEASE-e4.29.0-linux.gtk.x86_64/sts-4.20.0.RELEASE/plugins/org.eclipse.justj.openjdk.hotspot.jre.full.linux.x86_64_17.0.8.v20230831-1047/jre/lib/server/libjvm.so
7c951a402000-7c951a4bb000 r--p 01201000 08:02 9065229                    /home/sakshi/Desktop/spring-tool-suite-4-4.20.0.RELEASE-e4.29.0-linux.gtk.x86_64/sts-4.20.0.RELEASE/plugins/org.eclipse.justj.openjdk.hotspot.jre.full.linux.x86_64_17.0.8.v20230831-1047/jre/lib/server/libjvm.so
7c951a4bb000-7c951a4f0000 rw-p 012ba000 08:02 9065229                    /home/sakshi/Desktop/spring-tool-suite-4-4.20.0.RELEASE-e4.29.0-linux.gtk.x86_64/sts-4.20.0.RELEASE/plugins/org.eclipse.justj.openjdk.hotspot.jre.full.linux.x86_64_17.0.8.v20230831-1047/jre/lib/server/libjvm.so
7c951a4f0000-7c951a54a000 rw-p 00000000 00:00 0 
7c951a573000-7c951a5f9000 rw-p 00000000 00:00 0 
7c951a5f9000-7c951a600000 ---p 00000000 00:00 0 
7c951a600000-7c951a628000 r--p 00000000 08:02 8393108                    /usr/lib/x86_64-linux-gnu/libc.so.6
7c951a628000-7c951a7bd000 r-xp 00028000 08:02 8393108                    /usr/lib/x86_64-linux-gnu/libc.so.6
7c951a7bd000-7c951a815000 r--p 001bd000 08:02 8393108                    /usr/lib/x86_64-linux-gnu/libc.so.6
7c951a815000-7c951a816000 ---p 00215000 08:02 8393108                    /usr/lib/x86_64-linux-gnu/libc.so.6
7c951a816000-7c951a81a000 r--p 00215000 08:02 8393108                    /usr/lib/x86_64-linux-gnu/libc.so.6
7c951a81a000-7c951a81c000 rw-p 00219000 08:02 8393108                    /usr/lib/x86_64-linux-gnu/libc.so.6
7c951a81c000-7c951a829000 rw-p 00000000 00:00 0 
7c951a830000-7c951a83d000 r--p 00000000 08:02 9065254                    /home/sakshi/Desktop/spring-tool-suite-4-4.20.0.RELEASE-e4.29.0-linux.gtk.x86_64/sts-4.20.0.RELEASE/plugins/org.eclipse.justj.openjdk.hotspot.jre.full.linux.x86_64_17.0.8.v20230831-1047/jre/lib/libjava.so
7c951a83d000-7c951a84f000 r-xp 0000d000 08:02 9065254                    /home/sakshi/Desktop/spring-tool-suite-4-4.20.0.RELEASE-e4.29.0-linux.gtk.x86_64/sts-4.20.0.RELEASE/plugins/org.eclipse.justj.openjdk.hotspot.jre.full.linux.x86_64_17.0.8.v20230831-1047/jre/lib/libjava.so
7c951a84f000-7c951a855000 r--p 0001f000 08:02 9065254                    /home/sakshi/Desktop/spring-tool-suite-4-4.20.0.RELEASE-e4.29.0-linux.gtk.x86_64/sts-4.20.0.RELEASE/plugins/org.eclipse.justj.openjdk.hotspot.jre.full.linux.x86_64_17.0.8.v20230831-1047/jre/lib/libjava.so
7c951a855000-7c951a856000 ---p 00025000 08:02 9065254                    /home/sakshi/Desktop/spring-tool-suite-4-4.20.0.RELEASE-e4.29.0-linux.gtk.x86_64/sts-4.20.0.RELEASE/plugins/org.eclipse.justj.openjdk.hotspot.jre.full.linux.x86_64_17.0.8.v20230831-1047/jre/lib/libjava.so
7c951a856000-7c951a857000 r--p 00025000 08:02 9065254                    /home/sakshi/Desktop/spring-tool-suite-4-4.20.0.RELEASE-e4.29.0-linux.gtk.x86_64/sts-4.20.0.RELEASE/plugins/org.eclipse.justj.openjdk.hotspot.jre.full.linux.x86_64_17.0.8.v20230831-1047/jre/lib/libjava.so
7c951a857000-7c951a858000 rw-p 00026000 08:02 9065254                    /home/sakshi/Desktop/spring-tool-suite-4-4.20.0.RELEASE-e4.29.0-linux.gtk.x86_64/sts-4.20.0.RELEASE/plugins/org.eclipse.justj.openjdk.hotspot.jre.full.linux.x86_64_17.0.8.v20230831-1047/jre/lib/libjava.so
7c951a858000-7c951a859000 rw-p 00000000 00:00 0 
7c951a859000-7c951a85d000 r--p 00000000 08:02 9065241                    /home/sakshi/Desktop/spring-tool-suite-4-4.20.0.RELEASE-e4.29.0-linux.gtk.x86_64/sts-4.20.0.RELEASE/plugins/org.eclipse.justj.openjdk.hotspot.jre.full.linux.x86_64_17.0.8.v20230831-1047/jre/lib/libjimage.so
7c951a85d000-7c951a870000 r-xp 00004000 08:02 9065241                    /home/sakshi/Desktop/spring-tool-suite-4-4.20.0.RELEASE-e4.29.0-linux.gtk.x86_64/sts-4.20.0.RELEASE/plugins/org.eclipse.justj.openjdk.hotspot.jre.full.linux.x86_64_17.0.8.v20230831-1047/jre/lib/libjimage.so
7c951a870000-7c951a876000 r--p 00017000 08:02 9065241                    /home/sakshi/Desktop/spring-tool-suite-4-4.20.0.RELEASE-e4.29.0-linux.gtk.x86_64/sts-4.20.0.RELEASE/plugins/org.eclipse.justj.openjdk.hotspot.jre.full.linux.x86_64_17.0.8.v20230831-1047/jre/lib/libjimage.so
7c951a876000-7c951a878000 r--p 0001c000 08:02 9065241                    /home/sakshi/Desktop/spring-tool-suite-4-4.20.0.RELEASE-e4.29.0-linux.gtk.x86_64/sts-4.20.0.RELEASE/plugins/org.eclipse.justj.openjdk.hotspot.jre.full.linux.x86_64_17.0.8.v20230831-1047/jre/lib/libjimage.so
7c951a878000-7c951a879000 rw-p 0001e000 08:02 9065241                    /home/sakshi/Desktop/spring-tool-suite-4-4.20.0.RELEASE-e4.29.0-linux.gtk.x86_64/sts-4.20.0.RELEASE/plugins/org.eclipse.justj.openjdk.hotspot.jre.full.linux.x86_64_17.0.8.v20230831-1047/jre/lib/libjimage.so
7c951a879000-7c951a887000 r--p 00000000 08:02 8393113                    /usr/lib/x86_64-linux-gnu/libm.so.6
7c951a887000-7c951a903000 r-xp 0000e000 08:02 8393113                    /usr/lib/x86_64-linux-gnu/libm.so.6
7c951a903000-7c951a95e000 r--p 0008a000 08:02 8393113                    /usr/lib/x86_64-linux-gnu/libm.so.6
7c951a95e000-7c951a95f000 r--p 000e4000 08:02 8393113                    /usr/lib/x86_64-linux-gnu/libm.so.6
7c951a95f000-7c951a960000 rw-p 000e5000 08:02 8393113                    /usr/lib/x86_64-linux-gnu/libm.so.6
7c951a960000-7c951a961000 r--p 00000000 08:02 8395751                    /usr/lib/x86_64-linux-gnu/librt.so.1
7c951a961000-7c951a962000 r-xp 00001000 08:02 8395751                    /usr/lib/x86_64-linux-gnu/librt.so.1
7c951a962000-7c951a963000 r--p 00002000 08:02 8395751                    /usr/lib/x86_64-linux-gnu/librt.so.1
7c951a963000-7c951a964000 r--p 00002000 08:02 8395751                    /usr/lib/x86_64-linux-gnu/librt.so.1
7c951a964000-7c951a965000 rw-p 00003000 08:02 8395751                    /usr/lib/x86_64-linux-gnu/librt.so.1
7c951a965000-7c951a96a000 rw-p 00000000 00:00 0 
7c951a96a000-7c951a96b000 r--p 00000000 08:02 8393111                    /usr/lib/x86_64-linux-gnu/libdl.so.2
7c951a96b000-7c951a96c000 r-xp 00001000 08:02 8393111                    /usr/lib/x86_64-linux-gnu/libdl.so.2
7c951a96c000-7c951a96d000 r--p 00002000 08:02 8393111                    /usr/lib/x86_64-linux-gnu/libdl.so.2
7c951a96d000-7c951a96e000 r--p 00002000 08:02 8393111                    /usr/lib/x86_64-linux-gnu/libdl.so.2
7c951a96e000-7c951a96f000 rw-p 00003000 08:02 8393111                    /usr/lib/x86_64-linux-gnu/libdl.so.2
7c951a96f000-7c951a970000 r--p 00000000 08:02 8395747                    /usr/lib/x86_64-linux-gnu/libpthread.so.0
7c951a970000-7c951a971000 r-xp 00001000 08:02 8395747                    /usr/lib/x86_64-linux-gnu/libpthread.so.0
7c951a971000-7c951a972000 r--p 00002000 08:02 8395747                    /usr/lib/x86_64-linux-gnu/libpthread.so.0
7c951a972000-7c951a973000 r--p 00002000 08:02 8395747                    /usr/lib/x86_64-linux-gnu/libpthread.so.0
7c951a973000-7c951a974000 rw-p 00003000 08:02 8395747                    /usr/lib/x86_64-linux-gnu/libpthread.so.0
7c951a974000-7c951a977000 r--p 00000000 08:02 9065258                    /home/sakshi/Desktop/spring-tool-suite-4-4.20.0.RELEASE-e4.29.0-linux.gtk.x86_64/sts-4.20.0.RELEASE/plugins/org.eclipse.justj.openjdk.hotspot.jre.full.linux.x86_64_17.0.8.v20230831-1047/jre/lib/libjli.so
7c951a977000-7c951a981000 r-xp 00003000 08:02 9065258                    /home/sakshi/Desktop/spring-tool-suite-4-4.20.0.RELEASE-e4.29.0-linux.gtk.x86_64/sts-4.20.0.RELEASE/plugins/org.eclipse.justj.openjdk.hotspot.jre.full.linux.x86_64_17.0.8.v20230831-1047/jre/lib/libjli.so
7c951a981000-7c951a984000 r--p 0000d000 08:02 9065258                    /home/sakshi/Desktop/spring-tool-suite-4-4.20.0.RELEASE-e4.29.0-linux.gtk.x86_64/sts-4.20.0.RELEASE/plugins/org.eclipse.justj.openjdk.hotspot.jre.full.linux.x86_64_17.0.8.v20230831-1047/jre/lib/libjli.so
7c951a984000-7c951a985000 ---p 00010000 08:02 9065258                    /home/sakshi/Desktop/spring-tool-suite-4-4.20.0.RELEASE-e4.29.0-linux.gtk.x86_64/sts-4.20.0.RELEASE/plugins/org.eclipse.justj.openjdk.hotspot.jre.full.linux.x86_64_17.0.8.v20230831-1047/jre/lib/libjli.so
7c951a985000-7c951a986000 r--p 00010000 08:02 9065258                    /home/sakshi/Desktop/spring-tool-suite-4-4.20.0.RELEASE-e4.29.0-linux.gtk.x86_64/sts-4.20.0.RELEASE/plugins/org.eclipse.justj.openjdk.hotspot.jre.full.linux.x86_64_17.0.8.v20230831-1047/jre/lib/libjli.so
7c951a986000-7c951a987000 rw-p 00011000 08:02 9065258                    /home/sakshi/Desktop/spring-tool-suite-4-4.20.0.RELEASE-e4.29.0-linux.gtk.x86_64/sts-4.20.0.RELEASE/plugins/org.eclipse.justj.openjdk.hotspot.jre.full.linux.x86_64_17.0.8.v20230831-1047/jre/lib/libjli.so
7c951a987000-7c951a989000 r--p 00000000 08:02 8392359                    /usr/lib/x86_64-linux-gnu/libz.so.1.2.11
7c951a989000-7c951a99a000 r-xp 00002000 08:02 8392359                    /usr/lib/x86_64-linux-gnu/libz.so.1.2.11
7c951a99a000-7c951a9a0000 r--p 00013000 08:02 8392359                    /usr/lib/x86_64-linux-gnu/libz.so.1.2.11
7c951a9a0000-7c951a9a1000 ---p 00019000 08:02 8392359                    /usr/lib/x86_64-linux-gnu/libz.so.1.2.11
7c951a9a1000-7c951a9a2000 r--p 00019000 08:02 8392359                    /usr/lib/x86_64-linux-gnu/libz.so.1.2.11
7c951a9a2000-7c951a9a3000 rw-p 0001a000 08:02 8392359                    /usr/lib/x86_64-linux-gnu/libz.so.1.2.11
7c951a9a4000-7c951a9a6000 r--p 00000000 08:02 9065232                    /home/sakshi/Desktop/spring-tool-suite-4-4.20.0.RELEASE-e4.29.0-linux.gtk.x86_64/sts-4.20.0.RELEASE/plugins/org.eclipse.justj.openjdk.hotspot.jre.full.linux.x86_64_17.0.8.v20230831-1047/jre/lib/libzip.so
7c951a9a6000-7c951a9aa000 r-xp 00002000 08:02 9065232                    /home/sakshi/Desktop/spring-tool-suite-4-4.20.0.RELEASE-e4.29.0-linux.gtk.x86_64/sts-4.20.0.RELEASE/plugins/org.eclipse.justj.openjdk.hotspot.jre.full.linux.x86_64_17.0.8.v20230831-1047/jre/lib/libzip.so
7c951a9aa000-7c951a9ac000 r--p 00006000 08:02 9065232                    /home/sakshi/Desktop/spring-tool-suite-4-4.20.0.RELEASE-e4.29.0-linux.gtk.x86_64/sts-4.20.0.RELEASE/plugins/org.eclipse.justj.openjdk.hotspot.jre.full.linux.x86_64_17.0.8.v20230831-1047/jre/lib/libzip.so
7c951a9ac000-7c951a9ad000 r--p 00007000 08:02 9065232                    /home/sakshi/Desktop/spring-tool-suite-4-4.20.0.RELEASE-e4.29.0-linux.gtk.x86_64/sts-4.20.0.RELEASE/plugins/org.eclipse.justj.openjdk.hotspot.jre.full.linux.x86_64_17.0.8.v20230831-1047/jre/lib/libzip.so
7c951a9ad000-7c951a9ae000 rw-p 00008000 08:02 9065232                    /home/sakshi/Desktop/spring-tool-suite-4-4.20.0.RELEASE-e4.29.0-linux.gtk.x86_64/sts-4.20.0.RELEASE/plugins/org.eclipse.justj.openjdk.hotspot.jre.full.linux.x86_64_17.0.8.v20230831-1047/jre/lib/libzip.so
7c951a9ae000-7c951a9b6000 rw-s 00000000 08:02 6160539                    /tmp/hsperfdata_sakshi/90748
7c951a9b6000-7c951a9b7000 ---p 00000000 00:00 0 
7c951a9b7000-7c951a9b8000 r--p 00000000 00:00 0 
7c951a9b8000-7c951a9ba000 rw-p 00000000 00:00 0 
7c951a9ba000-7c951a9bc000 r--p 00000000 08:02 8391357                    /usr/lib/x86_64-linux-gnu/ld-linux-x86-64.so.2
7c951a9bc000-7c951a9e6000 r-xp 00002000 08:02 8391357                    /usr/lib/x86_64-linux-gnu/ld-linux-x86-64.so.2
7c951a9e6000-7c951a9f1000 r--p 0002c000 08:02 8391357                    /usr/lib/x86_64-linux-gnu/ld-linux-x86-64.so.2
7c951a9f1000-7c951a9f2000 ---p 00000000 00:00 0 
7c951a9f2000-7c951a9f4000 r--p 00037000 08:02 8391357                    /usr/lib/x86_64-linux-gnu/ld-linux-x86-64.so.2
7c951a9f4000-7c951a9f6000 rw-p 00039000 08:02 8391357                    /usr/lib/x86_64-linux-gnu/ld-linux-x86-64.so.2
7ffde25b3000-7ffde25d7000 rw-p 00000000 00:00 0                          [stack]
7ffde25e8000-7ffde25ec000 r--p 00000000 00:00 0                          [vvar]
7ffde25ec000-7ffde25ee000 r-xp 00000000 00:00 0                          [vdso]
ffffffffff600000-ffffffffff601000 --xp 00000000 00:00 0                  [vsyscall]


VM Arguments:
jvm_args: -Dfile.encoding=UTF-8 -Dstdout.encoding=UTF-8 -Dstderr.encoding=UTF-8 -XX:+ShowCodeDetailsInExceptionMessages 
java_command: com.blog.BlogappApisApplication
java_class_path (initial): /home/sakshi/Desktop/Blog Application/blogapp-apis/target/classes:/home/sakshi/.m2/repository/org/springframework/boot/spring-boot-starter-actuator/3.0.13/spring-boot-starter-actuator-3.0.13.jar:/home/sakshi/.m2/repository/org/springframework/boot/spring-boot-starter/3.0.13/spring-boot-starter-3.0.13.jar:/home/sakshi/.m2/repository/org/springframework/boot/spring-boot/3.0.13/spring-boot-3.0.13.jar:/home/sakshi/.m2/repository/org/springframework/boot/spring-boot-autoconfigure/3.0.13/spring-boot-autoconfigure-3.0.13.jar:/home/sakshi/.m2/repository/org/springframework/boot/spring-boot-starter-logging/3.0.13/spring-boot-starter-logging-3.0.13.jar:/home/sakshi/.m2/repository/ch/qos/logback/logback-classic/1.4.11/logback-classic-1.4.11.jar:/home/sakshi/.m2/repository/ch/qos/logback/logback-core/1.4.11/logback-core-1.4.11.jar:/home/sakshi/.m2/repository/org/apache/logging/log4j/log4j-to-slf4j/2.19.0/log4j-to-slf4j-2.19.0.jar:/home/sakshi/.m2/repository/org/apache/logging/log4j/log4j-api/2.19.0/log4j-api-2.19.0.jar:/home/sakshi/.m2/repository/org/slf4j/jul-to-slf4j/2.0.9/jul-to-slf4j-2.0.9.jar:/home/sakshi/.m2/repository/jakarta/annotation/jakarta.annotation-api/2.1.1/jakarta.annotation-api-2.1.1.jar:/home/sakshi/.m2/repository/org/yaml/snakeyaml/1.33/snakeyaml-1.33.jar:/home/sakshi/.m2/repository/org/springframework/boot/spring-boot-actuator-autoconfigure/3.0.13/spring-boot-actuator-autoconfigure-3.0.13.jar:/home/sakshi/.m2/repository/org/springframework/boot/spring-boot-actuator/3.0.13/spring-boot-actuator-3.0.13.jar:/home/sakshi/.m2/repository/com/fasterxml/jackson/datatype/jackson-datatype-jsr310/2.14.3/jackson-datatype-jsr310-2.14.3.jar:/home/sakshi/.m2/repository/io/micrometer/micrometer-observation/1.10.13/micrometer-observation-1.10.13.jar:/home/sakshi/.m2/repository/io/micrometer/micrometer-commons/1.10.13/micrometer-commons-1.10.13.jar:/home/sakshi/.m2/repository/io/micrometer/micrometer-core/1.10.13/micrometer-core-1.10.13.jar:/home/s
Launcher Type: SUN_STANDARD

[Global flags]
     intx CICompilerCount                          = 3                                         {product} {ergonomic}
     uint ConcGCThreads                            = 2                                         {product} {ergonomic}
     uint G1ConcRefinementThreads                  = 6                                         {product} {ergonomic}
   size_t G1HeapRegionSize                         = 2097152                                   {product} {ergonomic}
    uintx GCDrainStackTargetSize                   = 64                                        {product} {ergonomic}
   size_t InitialHeapSize                          = 262144000                                 {product} {ergonomic}
   size_t MarkStackSize                            = 4194304                                   {product} {ergonomic}
   size_t MaxHeapSize                              = 4179623936                                {product} {ergonomic}
   size_t MaxNewSize                               = 2506096640                                {product} {ergonomic}
   size_t MinHeapDeltaBytes                        = 2097152                                   {product} {ergonomic}
   size_t MinHeapSize                              = 8388608                                   {product} {ergonomic}
    uintx NonNMethodCodeHeapSize                   = 5832780                                {pd product} {ergonomic}
    uintx NonProfiledCodeHeapSize                  = 122912730                              {pd product} {ergonomic}
    uintx ProfiledCodeHeapSize                     = 122912730                              {pd product} {ergonomic}
    uintx ReservedCodeCacheSize                    = 251658240                              {pd product} {ergonomic}
     bool SegmentedCodeCache                       = true                                      {product} {ergonomic}
     bool ShowCodeDetailsInExceptionMessages       = true                                   {manageable} {command line}
   size_t SoftMaxHeapSize                          = 4179623936                             {manageable} {ergonomic}
     bool UseCompressedClassPointers               = true                           {product lp64_product} {ergonomic}
     bool UseCompressedOops                        = true                           {product lp64_product} {ergonomic}
     bool UseG1GC                                  = true                                      {product} {ergonomic}

Logging:
Log output configuration:
 #0: stdout all=warning uptime,level,tags
 #1: stderr all=off uptime,level,tags

Environment Variables:
PATH=/home/sakshi/.rvm/gems/ruby-2.6.6/bin:/home/sakshi/.rvm/gems/ruby-2.6.6@global/bin:/home/sakshi/.rvm/rubies/ruby-2.6.6/bin:/usr/local/sbin:/usr/local/bin:/usr/sbin:/usr/bin:/sbin:/bin:/usr/games:/usr/local/games:/snap/bin:/snap/bin:/home/sakshi/.rvm/bin:/home/sakshi/.rvm/bin
USERNAME=sakshi
SHELL=/bin/bash
DISPLAY=:0
LANG=en_IN

Active Locale:
LC_ALL=C
LC_COLLATE=C
LC_CTYPE=C
LC_MESSAGES=C
LC_MONETARY=C
LC_NUMERIC=C
LC_TIME=C

Signal Handlers:
   SIGSEGV: crash_handler in libjvm.so, mask=11100100010111111101111111111110, flags=SA_RESTART|SA_SIGINFO, unblocked
    SIGBUS: crash_handler in libjvm.so, mask=11100100010111111101111111111110, flags=SA_RESTART|SA_SIGINFO, unblocked
    SIGFPE: crash_handler in libjvm.so, mask=11100100010111111101111111111110, flags=SA_RESTART|SA_SIGINFO, unblocked
   SIGPIPE: javaSignalHandler in libjvm.so, mask=11100100010111111101111111111110, flags=SA_RESTART|SA_SIGINFO, blocked
   SIGXFSZ: javaSignalHandler in libjvm.so, mask=11100100010111111101111111111110, flags=SA_RESTART|SA_SIGINFO, blocked
    SIGILL: crash_handler in libjvm.so, mask=11100100010111111101111111111110, flags=SA_RESTART|SA_SIGINFO, unblocked
   SIGUSR2: SR_handler in libjvm.so, mask=00000000000000000000000000000000, flags=SA_RESTART|SA_SIGINFO, blocked
    SIGHUP: SIG_DFL, mask=00000000000000000000000000000000, flags=none, blocked
    SIGINT: SIG_DFL, mask=00000000000000000000000000000000, flags=none, blocked
   SIGTERM: SIG_DFL, mask=00000000000000000000000000000000, flags=none, blocked
   SIGQUIT: UserHandler in libjvm.so, mask=11100100010111111101111111111110, flags=SA_RESTART|SA_SIGINFO, blocked
   SIGTRAP: crash_handler in libjvm.so, mask=11100100010111111101111111111110, flags=SA_RESTART|SA_SIGINFO, unblocked


---------------  S Y S T E M  ---------------

OS:
DISTRIB_ID=Ubuntu
DISTRIB_RELEASE=22.04
DISTRIB_CODENAME=jammy
DISTRIB_DESCRIPTION="Ubuntu 22.04.5 LTS"
uname: Linux 6.8.0-49-generic #49~22.04.1-Ubuntu SMP PREEMPT_DYNAMIC Wed Nov  6 17:42:15 UTC 2 x86_64
OS uptime: 0 days 5:52 hours
libc: glibc 2.35 NPTL 2.35 
rlimit (soft/hard): STACK 8192k/infinity , CORE 0k/infinity , NPROC 63420/63420 , NOFILE 1048576/1048576 , AS infinity/infinity , CPU infinity/infinity , DATA infinity/infinity , FSIZE infinity/infinity , MEMLOCK 2039888k/2039888k
load average: 0.46 0.22 0.32

/proc/meminfo:
MemTotal:       16319104 kB
MemFree:         2682724 kB
MemAvailable:   10361204 kB
Buffers:          328628 kB
Cached:          7231244 kB
SwapCached:           16 kB
Active:          6513276 kB
Inactive:        5916044 kB
Active(anon):    5029568 kB
Inactive(anon):    28948 kB
Active(file):    1483708 kB
Inactive(file):  5887096 kB
Unevictable:         112 kB
Mlocked:             112 kB
SwapTotal:       2097148 kB
SwapFree:        2096124 kB
Zswap:                 0 kB
Zswapped:              0 kB
Dirty:               540 kB
Writeback:             0 kB
AnonPages:       4869580 kB
Mapped:          1346216 kB
Shmem:            189068 kB
KReclaimable:     644312 kB
Slab:             944112 kB
SReclaimable:     644312 kB
SUnreclaim:       299800 kB
KernelStack:       19448 kB
PageTables:        61992 kB
SecPageTables:         0 kB
NFS_Unstable:          0 kB
Bounce:                0 kB
WritebackTmp:          0 kB
CommitLimit:    10256700 kB
Committed_AS:   21985840 kB
VmallocTotal:   34359738367 kB
VmallocUsed:       60320 kB
VmallocChunk:          0 kB
Percpu:             9536 kB
HardwareCorrupted:     0 kB
AnonHugePages:         0 kB
ShmemHugePages:        0 kB
ShmemPmdMapped:        0 kB
FileHugePages:         0 kB
FilePmdMapped:         0 kB
Unaccepted:            0 kB
HugePages_Total:       0
HugePages_Free:        0
HugePages_Rsvd:        0
HugePages_Surp:        0
Hugepagesize:       2048 kB
Hugetlb:               0 kB
DirectMap4k:      202652 kB
DirectMap2M:     9177088 kB
DirectMap1G:     7340032 kB

/sys/kernel/mm/transparent_hugepage/enabled: always [madvise] never
/sys/kernel/mm/transparent_hugepage/defrag (defrag/compaction efforts parameter): always defer defer+madvise [madvise] never

Process Memory:
Virtual Size: 6125104K (peak: 6125104K)
Resident Set Size: 23808K (peak: 23808K) (anon: 8960K, file: 14848K, shmem: 0K)
Swapped out: 0K
C-Heap outstanding allocations: 19307K, retained: 844K
glibc malloc tunables: (default)

/proc/sys/kernel/threads-max (system-wide limit on the number of threads): 126840
/proc/sys/vm/max_map_count (maximum number of memory map areas a process may have): 65530
/proc/sys/kernel/pid_max (system-wide limit on number of process identifiers): 4194304

container (cgroup) information:
container_type: cgroupv2
cpu_cpuset_cpus: not supported
cpu_memory_nodes: not supported
active_processor_count: 6
cpu_quota: not supported
cpu_period: not supported
cpu_shares: not supported
memory_limit_in_bytes: unlimited
memory_and_swap_limit_in_bytes: unlimited
memory_soft_limit_in_bytes: unlimited
memory_usage_in_bytes: 3581708 k
memory_max_usage_in_bytes: not supported
memory_swap_current_in_bytes: unlimited
memory_swap_max_limit_in_bytes: unlimited
maximum number of tasks: 19026
current number of tasks: 207

Steal ticks since vm start: 0
Steal ticks percentage since vm start:  0.000

CPU: total 6 (initial active 6) (6 cores per cpu, 1 threads per core) family 6 model 158 stepping 10 microcode 0xf8, cx8, cmov, fxsr, mmx, 3dnowpref, sse, sse2, sse3, ssse3, sse4.1, sse4.2, popcnt, lzcnt, tsc, tscinvbit, avx, avx2, aes, erms, clmul, bmi1, bmi2, adx, fma, vzeroupper, clflush, clflushopt
CPU Model and flags from /proc/cpuinfo:
model name	: Intel(R) Core(TM) i5-9400F CPU @ 2.90GHz
flags		: fpu vme de pse tsc msr pae mce cx8 apic sep mtrr pge mca cmov pat pse36 clflush dts acpi mmx fxsr sse sse2 ss ht tm pbe syscall nx pdpe1gb rdtscp lm constant_tsc art arch_perfmon pebs bts rep_good nopl xtopology nonstop_tsc cpuid aperfmperf pni pclmulqdq dtes64 monitor ds_cpl vmx est tm2 ssse3 sdbg fma cx16 xtpr pdcm pcid sse4_1 sse4_2 x2apic movbe popcnt tsc_deadline_timer aes xsave avx f16c rdrand lahf_lm abm 3dnowprefetch cpuid_fault pti ssbd ibrs ibpb stibp tpr_shadow flexpriority ept vpid ept_ad fsgsbase tsc_adjust bmi1 avx2 smep bmi2 erms invpcid mpx rdseed adx smap clflushopt intel_pt xsaveopt xsavec xgetbv1 xsaves dtherm ida arat pln pts hwp hwp_notify hwp_act_window hwp_epp vnmi md_clear flush_l1d arch_capabilities

Online cpus: 0-5
Offline cpus: 
BIOS frequency limitation: <Not Available>
Frequency switch latency (ns): 0
Available cpu frequencies: <Not Available>
Current governor: powersave
Core performance/turbo boost: <Not Available>

Memory: 4k page, physical 16319104k(2682724k free), swap 2097148k(2096124k free)
Page Sizes: 4k

vm_info: OpenJDK 64-Bit Server VM (17.0.8.1+1) for linux-amd64 JRE (17.0.8.1+1), built on Aug 24 2023 00:00:00 by "admin" with gcc 10.3.0

END.
