2024-12-12 11:39:30,469 [Worker-1: Loading available Gradle versions] INFO  o.e.b.c.i.u.g.PublishedGradleVersions - Gradle version information cache is out-of-date. Trying to update.
2024-12-12 11:39:34,200 [Worker-10: Building] INFO  o.a.m.s.f.DefaultMavenResourcesFiltering - Copying 1 resource
2024-12-12 11:39:34,222 [Worker-10: Building] INFO  o.a.m.s.f.DefaultMavenResourcesFiltering - Copying 1 resource
2024-12-12 11:39:34,231 [Worker-10: Building] INFO  o.a.m.s.f.DefaultMavenResourcesFiltering - skip non existing resourceDirectory /home/sakshi/Desktop/Blog Application/blogapp-apis/src/test/resources
2024-12-12 11:40:54,592 [Worker-11: Updating Maven Project] INFO  o.e.m.c.i.p.ProjectConfigurationManager - Update started
2024-12-12 11:40:54,869 [Worker-11: Updating Maven Project] INFO  o.e.m.c.i.l.LifecycleMappingFactory - Using org.eclipse.m2e.jdt.JarLifecycleMapping lifecycle mapping for MavenProject: com.blog:blogapp-apis:0.0.1-SNAPSHOT @ /home/sakshi/Desktop/Blog Application/blogapp-apis/pom.xml.
2024-12-12 11:40:55,208 [Worker-11: Updating Maven Project] INFO  o.e.m.j.i.AbstractJavaProjectConfigurator - Adding source folder /blogapp-apis/src/main/java
2024-12-12 11:40:55,210 [Worker-11: Updating Maven Project] INFO  o.e.m.j.i.AbstractJavaProjectConfigurator - Adding resource folder /blogapp-apis/src/main/resources
2024-12-12 11:40:55,210 [Worker-11: Updating Maven Project] INFO  o.e.m.j.i.AbstractJavaProjectConfigurator - Adding resource folder /blogapp-apis/src/main/resources
2024-12-12 11:40:55,210 [Worker-11: Updating Maven Project] INFO  o.e.m.j.i.AbstractJavaProjectConfigurator - Adding source folder /blogapp-apis/src/test/java
2024-12-12 11:40:55,211 [Worker-11: Updating Maven Project] INFO  o.e.m.j.i.AbstractJavaProjectConfigurator - Adding resource folder /blogapp-apis/src/test/resources
2024-12-12 11:40:55,366 [Worker-11: Updating Maven Project] INFO  o.e.m.c.i.p.ProjectConfigurationManager - Update completed for 1 poms: local refresh takes 0.00 sec, refresh facades takes 0.00 sec, update config takes 0.00 sec 
2024-12-12 11:40:55,963 [Worker-9: Building] INFO  o.a.m.s.f.DefaultMavenResourcesFiltering - Copying 1 resource
2024-12-12 11:40:55,974 [Worker-9: Building] INFO  o.a.m.s.f.DefaultMavenResourcesFiltering - Copying 1 resource
2024-12-12 11:40:55,978 [Worker-9: Building] INFO  o.a.m.s.f.DefaultMavenResourcesFiltering - skip non existing resourceDirectory /home/sakshi/Desktop/Blog Application/blogapp-apis/src/test/resources
2024-12-12 11:46:45,934 [Worker-16: Updating Maven Project] INFO  o.e.m.c.i.p.ProjectConfigurationManager - Update started
2024-12-12 11:46:46,176 [Worker-16: Updating Maven Project] INFO  o.e.m.c.i.l.LifecycleMappingFactory - Using org.eclipse.m2e.jdt.JarLifecycleMapping lifecycle mapping for MavenProject: com.blog:blogapp-apis:0.0.1-SNAPSHOT @ /home/sakshi/Desktop/Blog Application/blogapp-apis/pom.xml.
2024-12-12 11:46:46,452 [Worker-16: Updating Maven Project] INFO  o.e.m.j.i.AbstractJavaProjectConfigurator - Adding source folder /blogapp-apis/src/main/java
2024-12-12 11:46:46,452 [Worker-16: Updating Maven Project] INFO  o.e.m.j.i.AbstractJavaProjectConfigurator - Adding resource folder /blogapp-apis/src/main/resources
2024-12-12 11:46:46,453 [Worker-16: Updating Maven Project] INFO  o.e.m.j.i.AbstractJavaProjectConfigurator - Adding resource folder /blogapp-apis/src/main/resources
2024-12-12 11:46:46,453 [Worker-16: Updating Maven Project] INFO  o.e.m.j.i.AbstractJavaProjectConfigurator - Adding source folder /blogapp-apis/src/test/java
2024-12-12 11:46:46,453 [Worker-16: Updating Maven Project] INFO  o.e.m.j.i.AbstractJavaProjectConfigurator - Adding resource folder /blogapp-apis/src/test/resources
2024-12-12 11:46:46,540 [Worker-16: Updating Maven Project] INFO  o.e.m.c.i.p.ProjectConfigurationManager - Update completed for 1 poms: local refresh takes 0.00 sec, refresh facades takes 0.00 sec, update config takes 0.00 sec 
2024-12-12 11:46:47,323 [Worker-16: Building] INFO  o.a.m.s.f.DefaultMavenResourcesFiltering - Copying 1 resource
2024-12-12 11:46:47,334 [Worker-16: Building] INFO  o.a.m.s.f.DefaultMavenResourcesFiltering - Copying 1 resource
2024-12-12 11:46:47,338 [Worker-16: Building] INFO  o.a.m.s.f.DefaultMavenResourcesFiltering - skip non existing resourceDirectory /home/sakshi/Desktop/Blog Application/blogapp-apis/src/test/resources
2024-12-12 11:48:36,009 [Worker-14: Updating Maven Project] INFO  o.e.m.c.i.p.ProjectConfigurationManager - Update started
2024-12-12 11:48:36,126 [Worker-14: Updating Maven Project] INFO  o.e.m.c.i.l.LifecycleMappingFactory - Using org.eclipse.m2e.jdt.JarLifecycleMapping lifecycle mapping for MavenProject: com.blog:blogapp-apis:0.0.1-SNAPSHOT @ /home/sakshi/Desktop/Blog Application/blogapp-apis/pom.xml.
2024-12-12 11:48:36,293 [Worker-14: Updating Maven Project] INFO  o.e.m.j.i.AbstractJavaProjectConfigurator - Adding source folder /blogapp-apis/src/main/java
2024-12-12 11:48:36,294 [Worker-14: Updating Maven Project] INFO  o.e.m.j.i.AbstractJavaProjectConfigurator - Adding resource folder /blogapp-apis/src/main/resources
2024-12-12 11:48:36,294 [Worker-14: Updating Maven Project] INFO  o.e.m.j.i.AbstractJavaProjectConfigurator - Adding resource folder /blogapp-apis/src/main/resources
2024-12-12 11:48:36,294 [Worker-14: Updating Maven Project] INFO  o.e.m.j.i.AbstractJavaProjectConfigurator - Adding source folder /blogapp-apis/src/test/java
2024-12-12 11:48:36,294 [Worker-14: Updating Maven Project] INFO  o.e.m.j.i.AbstractJavaProjectConfigurator - Adding resource folder /blogapp-apis/src/test/resources
2024-12-12 11:48:36,364 [Worker-14: Updating Maven Project] INFO  o.e.m.c.i.p.ProjectConfigurationManager - Update completed for 1 poms: local refresh takes 0.00 sec, refresh facades takes 0.00 sec, update config takes 0.00 sec 
2024-12-12 11:48:36,823 [Worker-20: Building] INFO  o.a.m.s.f.DefaultMavenResourcesFiltering - Copying 1 resource
2024-12-12 11:48:36,831 [Worker-20: Building] INFO  o.a.m.s.f.DefaultMavenResourcesFiltering - Copying 1 resource
2024-12-12 11:48:36,834 [Worker-20: Building] INFO  o.a.m.s.f.DefaultMavenResourcesFiltering - skip non existing resourceDirectory /home/sakshi/Desktop/Blog Application/blogapp-apis/src/test/resources
2024-12-12 11:48:49,250 [Worker-18: Updating Maven Project] INFO  o.e.m.c.i.p.ProjectConfigurationManager - Update started
2024-12-12 11:48:49,370 [Worker-18: Updating Maven Project] INFO  o.e.m.c.i.l.LifecycleMappingFactory - Using org.eclipse.m2e.jdt.JarLifecycleMapping lifecycle mapping for MavenProject: com.blog:blogapp-apis:0.0.1-SNAPSHOT @ /home/sakshi/Desktop/Blog Application/blogapp-apis/pom.xml.
2024-12-12 11:48:49,527 [Worker-18: Updating Maven Project] INFO  o.e.m.j.i.AbstractJavaProjectConfigurator - Adding source folder /blogapp-apis/src/main/java
2024-12-12 11:48:49,528 [Worker-18: Updating Maven Project] INFO  o.e.m.j.i.AbstractJavaProjectConfigurator - Adding resource folder /blogapp-apis/src/main/resources
2024-12-12 11:48:49,528 [Worker-18: Updating Maven Project] INFO  o.e.m.j.i.AbstractJavaProjectConfigurator - Adding resource folder /blogapp-apis/src/main/resources
2024-12-12 11:48:49,528 [Worker-18: Updating Maven Project] INFO  o.e.m.j.i.AbstractJavaProjectConfigurator - Adding source folder /blogapp-apis/src/test/java
2024-12-12 11:48:49,528 [Worker-18: Updating Maven Project] INFO  o.e.m.j.i.AbstractJavaProjectConfigurator - Adding resource folder /blogapp-apis/src/test/resources
2024-12-12 11:48:49,599 [Worker-18: Updating Maven Project] INFO  o.e.m.c.i.p.ProjectConfigurationManager - Update completed for 1 poms: local refresh takes 0.00 sec, refresh facades takes 0.00 sec, update config takes 0.00 sec 
2024-12-12 11:48:50,015 [Worker-14: Building] INFO  o.a.m.s.f.DefaultMavenResourcesFiltering - Copying 1 resource
2024-12-12 11:48:50,037 [Worker-14: Building] INFO  o.a.m.s.f.DefaultMavenResourcesFiltering - Copying 1 resource
2024-12-12 11:48:50,042 [Worker-14: Building] INFO  o.a.m.s.f.DefaultMavenResourcesFiltering - skip non existing resourceDirectory /home/sakshi/Desktop/Blog Application/blogapp-apis/src/test/resources
2024-12-12 12:07:39,564 [Worker-32: Launching BlogappApisApplication] INFO  o.e.m.c.i.l.LifecycleMappingFactory - Using org.eclipse.m2e.jdt.JarLifecycleMapping lifecycle mapping for MavenProject: com.blog:blogapp-apis:0.0.1-SNAPSHOT @ /home/sakshi/Desktop/Blog Application/blogapp-apis/pom.xml.
2024-12-12 12:07:39,882 [Worker-32: Launching BlogappApisApplication] INFO  o.a.m.s.f.DefaultMavenResourcesFiltering - Copying 0 resource
2024-12-12 12:07:39,882 [Worker-32: Launching BlogappApisApplication] INFO  o.a.m.s.f.DefaultMavenResourcesFiltering - Copying 0 resource
2024-12-12 12:07:39,886 [Worker-32: Launching BlogappApisApplication] INFO  o.a.m.s.f.DefaultMavenResourcesFiltering - skip non existing resourceDirectory /home/sakshi/Desktop/Blog Application/blogapp-apis/src/test/resources
2024-12-12 12:07:52,910 [main] INFO  o.e.m2e.actions.ExecutePomAction - Creating new launch configuration
2024-12-12 12:08:01,362 [Worker-33: Launching blogapp-apis] INFO  o.eclipse.m2e.core.internal.Bundles - getClasspathEntries(Bundle=org.eclipse.m2e.maven.runtime_3.9.700.20240602-2313 [354])
2024-12-12 12:08:01,363 [Worker-33: Launching blogapp-apis] INFO  o.eclipse.m2e.core.internal.Bundles - 	Entry: /home/sakshi/Desktop/sts-4.24.0.RELEASE/plugins/org.eclipse.m2e.maven.runtime_3.9.700.20240602-2313
2024-12-12 12:08:01,363 [Worker-33: Launching blogapp-apis] INFO  o.eclipse.m2e.core.internal.Bundles - 	Entry: /home/sakshi/Desktop/sts-4.24.0.RELEASE/plugins/org.eclipse.m2e.maven.runtime_3.9.700.20240602-2313/jars/aopalliance-1.0.jar
2024-12-12 12:08:01,363 [Worker-33: Launching blogapp-apis] INFO  o.eclipse.m2e.core.internal.Bundles - 	Entry: /home/sakshi/Desktop/sts-4.24.0.RELEASE/plugins/org.eclipse.m2e.maven.runtime_3.9.700.20240602-2313/jars/guice-5.1.0.jar
2024-12-12 12:08:01,363 [Worker-33: Launching blogapp-apis] INFO  o.eclipse.m2e.core.internal.Bundles - 	Entry: /home/sakshi/Desktop/sts-4.24.0.RELEASE/plugins/org.eclipse.m2e.maven.runtime_3.9.700.20240602-2313/jars/httpclient-4.5.14.jar
2024-12-12 12:08:01,363 [Worker-33: Launching blogapp-apis] INFO  o.eclipse.m2e.core.internal.Bundles - 	Entry: /home/sakshi/Desktop/sts-4.24.0.RELEASE/plugins/org.eclipse.m2e.maven.runtime_3.9.700.20240602-2313/jars/httpcore-4.4.16.jar
2024-12-12 12:08:01,363 [Worker-33: Launching blogapp-apis] INFO  o.eclipse.m2e.core.internal.Bundles - 	Entry: /home/sakshi/Desktop/sts-4.24.0.RELEASE/plugins/org.eclipse.m2e.maven.runtime_3.9.700.20240602-2313/jars/jansi-2.4.1.jar
2024-12-12 12:08:01,363 [Worker-33: Launching blogapp-apis] INFO  o.eclipse.m2e.core.internal.Bundles - 	Entry: /home/sakshi/Desktop/sts-4.24.0.RELEASE/plugins/org.eclipse.m2e.maven.runtime_3.9.700.20240602-2313/jars/jcl-over-slf4j-1.7.36.jar
2024-12-12 12:08:01,363 [Worker-33: Launching blogapp-apis] INFO  o.eclipse.m2e.core.internal.Bundles - 	Entry: /home/sakshi/Desktop/sts-4.24.0.RELEASE/plugins/org.eclipse.m2e.maven.runtime_3.9.700.20240602-2313/jars/maven-artifact-3.9.7.jar
2024-12-12 12:08:01,363 [Worker-33: Launching blogapp-apis] INFO  o.eclipse.m2e.core.internal.Bundles - 	Entry: /home/sakshi/Desktop/sts-4.24.0.RELEASE/plugins/org.eclipse.m2e.maven.runtime_3.9.700.20240602-2313/jars/maven-builder-support-3.9.7.jar
2024-12-12 12:08:01,363 [Worker-33: Launching blogapp-apis] INFO  o.eclipse.m2e.core.internal.Bundles - 	Entry: /home/sakshi/Desktop/sts-4.24.0.RELEASE/plugins/org.eclipse.m2e.maven.runtime_3.9.700.20240602-2313/jars/maven-compat-3.9.7.jar
2024-12-12 12:08:01,363 [Worker-33: Launching blogapp-apis] INFO  o.eclipse.m2e.core.internal.Bundles - 	Entry: /home/sakshi/Desktop/sts-4.24.0.RELEASE/plugins/org.eclipse.m2e.maven.runtime_3.9.700.20240602-2313/jars/maven-core-3.9.7.jar
2024-12-12 12:08:01,363 [Worker-33: Launching blogapp-apis] INFO  o.eclipse.m2e.core.internal.Bundles - 	Entry: /home/sakshi/Desktop/sts-4.24.0.RELEASE/plugins/org.eclipse.m2e.maven.runtime_3.9.700.20240602-2313/jars/maven-embedder-3.9.7.jar
2024-12-12 12:08:01,364 [Worker-33: Launching blogapp-apis] INFO  o.eclipse.m2e.core.internal.Bundles - 	Entry: /home/sakshi/Desktop/sts-4.24.0.RELEASE/plugins/org.eclipse.m2e.maven.runtime_3.9.700.20240602-2313/jars/maven-model-3.9.7.jar
2024-12-12 12:08:01,364 [Worker-33: Launching blogapp-apis] INFO  o.eclipse.m2e.core.internal.Bundles - 	Entry: /home/sakshi/Desktop/sts-4.24.0.RELEASE/plugins/org.eclipse.m2e.maven.runtime_3.9.700.20240602-2313/jars/maven-model-builder-3.9.7.jar
2024-12-12 12:08:01,364 [Worker-33: Launching blogapp-apis] INFO  o.eclipse.m2e.core.internal.Bundles - 	Entry: /home/sakshi/Desktop/sts-4.24.0.RELEASE/plugins/org.eclipse.m2e.maven.runtime_3.9.700.20240602-2313/jars/maven-plugin-api-3.9.7.jar
2024-12-12 12:08:01,364 [Worker-33: Launching blogapp-apis] INFO  o.eclipse.m2e.core.internal.Bundles - 	Entry: /home/sakshi/Desktop/sts-4.24.0.RELEASE/plugins/org.eclipse.m2e.maven.runtime_3.9.700.20240602-2313/jars/maven-repository-metadata-3.9.7.jar
2024-12-12 12:08:01,364 [Worker-33: Launching blogapp-apis] INFO  o.eclipse.m2e.core.internal.Bundles - 	Entry: /home/sakshi/Desktop/sts-4.24.0.RELEASE/plugins/org.eclipse.m2e.maven.runtime_3.9.700.20240602-2313/jars/maven-resolver-api-1.9.20.jar
2024-12-12 12:08:01,364 [Worker-33: Launching blogapp-apis] INFO  o.eclipse.m2e.core.internal.Bundles - 	Entry: /home/sakshi/Desktop/sts-4.24.0.RELEASE/plugins/org.eclipse.m2e.maven.runtime_3.9.700.20240602-2313/jars/maven-resolver-connector-basic-1.9.20.jar
2024-12-12 12:08:01,364 [Worker-33: Launching blogapp-apis] INFO  o.eclipse.m2e.core.internal.Bundles - 	Entry: /home/sakshi/Desktop/sts-4.24.0.RELEASE/plugins/org.eclipse.m2e.maven.runtime_3.9.700.20240602-2313/jars/maven-resolver-impl-1.9.20.jar
2024-12-12 12:08:01,364 [Worker-33: Launching blogapp-apis] INFO  o.eclipse.m2e.core.internal.Bundles - 	Entry: /home/sakshi/Desktop/sts-4.24.0.RELEASE/plugins/org.eclipse.m2e.maven.runtime_3.9.700.20240602-2313/jars/maven-resolver-named-locks-1.9.20.jar
2024-12-12 12:08:01,364 [Worker-33: Launching blogapp-apis] INFO  o.eclipse.m2e.core.internal.Bundles - 	Entry: /home/sakshi/Desktop/sts-4.24.0.RELEASE/plugins/org.eclipse.m2e.maven.runtime_3.9.700.20240602-2313/jars/maven-resolver-provider-3.9.7.jar
2024-12-12 12:08:01,364 [Worker-33: Launching blogapp-apis] INFO  o.eclipse.m2e.core.internal.Bundles - 	Entry: /home/sakshi/Desktop/sts-4.24.0.RELEASE/plugins/org.eclipse.m2e.maven.runtime_3.9.700.20240602-2313/jars/maven-resolver-spi-1.9.20.jar
2024-12-12 12:08:01,364 [Worker-33: Launching blogapp-apis] INFO  o.eclipse.m2e.core.internal.Bundles - 	Entry: /home/sakshi/Desktop/sts-4.24.0.RELEASE/plugins/org.eclipse.m2e.maven.runtime_3.9.700.20240602-2313/jars/maven-resolver-transport-file-1.9.20.jar
2024-12-12 12:08:01,364 [Worker-33: Launching blogapp-apis] INFO  o.eclipse.m2e.core.internal.Bundles - 	Entry: /home/sakshi/Desktop/sts-4.24.0.RELEASE/plugins/org.eclipse.m2e.maven.runtime_3.9.700.20240602-2313/jars/maven-resolver-transport-http-1.9.20.jar
2024-12-12 12:08:01,364 [Worker-33: Launching blogapp-apis] INFO  o.eclipse.m2e.core.internal.Bundles - 	Entry: /home/sakshi/Desktop/sts-4.24.0.RELEASE/plugins/org.eclipse.m2e.maven.runtime_3.9.700.20240602-2313/jars/maven-resolver-transport-wagon-1.9.20.jar
2024-12-12 12:08:01,364 [Worker-33: Launching blogapp-apis] INFO  o.eclipse.m2e.core.internal.Bundles - 	Entry: /home/sakshi/Desktop/sts-4.24.0.RELEASE/plugins/org.eclipse.m2e.maven.runtime_3.9.700.20240602-2313/jars/maven-resolver-util-1.9.20.jar
2024-12-12 12:08:01,364 [Worker-33: Launching blogapp-apis] INFO  o.eclipse.m2e.core.internal.Bundles - 	Entry: /home/sakshi/Desktop/sts-4.24.0.RELEASE/plugins/org.eclipse.m2e.maven.runtime_3.9.700.20240602-2313/jars/maven-settings-3.9.7.jar
2024-12-12 12:08:01,364 [Worker-33: Launching blogapp-apis] INFO  o.eclipse.m2e.core.internal.Bundles - 	Entry: /home/sakshi/Desktop/sts-4.24.0.RELEASE/plugins/org.eclipse.m2e.maven.runtime_3.9.700.20240602-2313/jars/maven-settings-builder-3.9.7.jar
2024-12-12 12:08:01,364 [Worker-33: Launching blogapp-apis] INFO  o.eclipse.m2e.core.internal.Bundles - 	Entry: /home/sakshi/Desktop/sts-4.24.0.RELEASE/plugins/org.eclipse.m2e.maven.runtime_3.9.700.20240602-2313/jars/maven-shared-utils-3.4.2.jar
2024-12-12 12:08:01,364 [Worker-33: Launching blogapp-apis] INFO  o.eclipse.m2e.core.internal.Bundles - 	Entry: /home/sakshi/Desktop/sts-4.24.0.RELEASE/plugins/org.eclipse.m2e.maven.runtime_3.9.700.20240602-2313/jars/org.eclipse.sisu.inject-0.9.0.M2.jar
2024-12-12 12:08:01,364 [Worker-33: Launching blogapp-apis] INFO  o.eclipse.m2e.core.internal.Bundles - 	Entry: /home/sakshi/Desktop/sts-4.24.0.RELEASE/plugins/org.eclipse.m2e.maven.runtime_3.9.700.20240602-2313/jars/org.eclipse.sisu.plexus-0.9.0.M2.jar
2024-12-12 12:08:01,364 [Worker-33: Launching blogapp-apis] INFO  o.eclipse.m2e.core.internal.Bundles - 	Entry: /home/sakshi/Desktop/sts-4.24.0.RELEASE/plugins/org.eclipse.m2e.maven.runtime_3.9.700.20240602-2313/jars/plexus-build-api-0.0.7.jar
2024-12-12 12:08:01,364 [Worker-33: Launching blogapp-apis] INFO  o.eclipse.m2e.core.internal.Bundles - 	Entry: /home/sakshi/Desktop/sts-4.24.0.RELEASE/plugins/org.eclipse.m2e.maven.runtime_3.9.700.20240602-2313/jars/plexus-build-api-1.2.0.jar
2024-12-12 12:08:01,364 [Worker-33: Launching blogapp-apis] INFO  o.eclipse.m2e.core.internal.Bundles - 	Entry: /home/sakshi/Desktop/sts-4.24.0.RELEASE/plugins/org.eclipse.m2e.maven.runtime_3.9.700.20240602-2313/jars/plexus-cipher-2.0.jar
2024-12-12 12:08:01,364 [Worker-33: Launching blogapp-apis] INFO  o.eclipse.m2e.core.internal.Bundles - 	Entry: /home/sakshi/Desktop/sts-4.24.0.RELEASE/plugins/org.eclipse.m2e.maven.runtime_3.9.700.20240602-2313/jars/plexus-classworlds-2.8.0.jar
2024-12-12 12:08:01,364 [Worker-33: Launching blogapp-apis] INFO  o.eclipse.m2e.core.internal.Bundles - 	Entry: /home/sakshi/Desktop/sts-4.24.0.RELEASE/plugins/org.eclipse.m2e.maven.runtime_3.9.700.20240602-2313/jars/plexus-component-annotations-2.1.0.jar
2024-12-12 12:08:01,364 [Worker-33: Launching blogapp-apis] INFO  o.eclipse.m2e.core.internal.Bundles - 	Entry: /home/sakshi/Desktop/sts-4.24.0.RELEASE/plugins/org.eclipse.m2e.maven.runtime_3.9.700.20240602-2313/jars/plexus-interpolation-1.27.jar
2024-12-12 12:08:01,364 [Worker-33: Launching blogapp-apis] INFO  o.eclipse.m2e.core.internal.Bundles - 	Entry: /home/sakshi/Desktop/sts-4.24.0.RELEASE/plugins/org.eclipse.m2e.maven.runtime_3.9.700.20240602-2313/jars/plexus-sec-dispatcher-2.0.jar
2024-12-12 12:08:01,364 [Worker-33: Launching blogapp-apis] INFO  o.eclipse.m2e.core.internal.Bundles - 	Entry: /home/sakshi/Desktop/sts-4.24.0.RELEASE/plugins/org.eclipse.m2e.maven.runtime_3.9.700.20240602-2313/jars/plexus-utils-3.5.1.jar
2024-12-12 12:08:01,364 [Worker-33: Launching blogapp-apis] INFO  o.eclipse.m2e.core.internal.Bundles - 	Entry: /home/sakshi/Desktop/sts-4.24.0.RELEASE/plugins/org.eclipse.m2e.maven.runtime_3.9.700.20240602-2313/jars/wagon-file-3.5.3.jar
2024-12-12 12:08:01,364 [Worker-33: Launching blogapp-apis] INFO  o.eclipse.m2e.core.internal.Bundles - 	Entry: /home/sakshi/Desktop/sts-4.24.0.RELEASE/plugins/org.eclipse.m2e.maven.runtime_3.9.700.20240602-2313/jars/wagon-http-3.5.3.jar
2024-12-12 12:08:01,364 [Worker-33: Launching blogapp-apis] INFO  o.eclipse.m2e.core.internal.Bundles - 	Entry: /home/sakshi/Desktop/sts-4.24.0.RELEASE/plugins/org.eclipse.m2e.maven.runtime_3.9.700.20240602-2313/jars/wagon-http-shared-3.5.3.jar
2024-12-12 12:08:01,364 [Worker-33: Launching blogapp-apis] INFO  o.eclipse.m2e.core.internal.Bundles - 	Entry: /home/sakshi/Desktop/sts-4.24.0.RELEASE/plugins/org.eclipse.m2e.maven.runtime_3.9.700.20240602-2313/jars/wagon-provider-api-3.5.3.jar
2024-12-12 12:08:01,365 [Worker-33: Launching blogapp-apis] INFO  o.eclipse.m2e.core.internal.Bundles - getClasspathEntries(Bundle=com.google.guava_33.2.0.jre [29])
2024-12-12 12:08:01,366 [Worker-33: Launching blogapp-apis] INFO  o.eclipse.m2e.core.internal.Bundles - 	Entry: /home/sakshi/Desktop/sts-4.24.0.RELEASE/plugins/com.google.guava_33.2.0.jre.jar
2024-12-12 12:08:01,366 [Worker-33: Launching blogapp-apis] INFO  o.eclipse.m2e.core.internal.Bundles - getClasspathEntries(Bundle=slf4j.api_2.0.13 [586])
2024-12-12 12:08:01,366 [Worker-33: Launching blogapp-apis] INFO  o.eclipse.m2e.core.internal.Bundles - 	Entry: /home/sakshi/Desktop/sts-4.24.0.RELEASE/plugins/slf4j.api_2.0.13.jar
2024-12-12 12:08:01,366 [Worker-33: Launching blogapp-apis] INFO  o.eclipse.m2e.core.internal.Bundles - getClasspathEntries(Bundle=jakarta.inject.jakarta.inject-api_1.0.5 [44])
2024-12-12 12:08:01,366 [Worker-33: Launching blogapp-apis] INFO  o.eclipse.m2e.core.internal.Bundles - 	Entry: /home/sakshi/Desktop/sts-4.24.0.RELEASE/plugins/jakarta.inject.jakarta.inject-api_1.0.5.jar
2024-12-12 12:08:01,366 [Worker-33: Launching blogapp-apis] INFO  o.eclipse.m2e.core.internal.Bundles - getClasspathEntries(Bundle=javax.annotation_1.3.5.v20200909-1856 [53])
2024-12-12 12:08:01,366 [Worker-33: Launching blogapp-apis] INFO  o.eclipse.m2e.core.internal.Bundles - 	Entry: /home/sakshi/Desktop/sts-4.24.0.RELEASE/plugins/javax.annotation_1.3.5.v20200909-1856.jar
2024-12-12 12:08:01,366 [Worker-33: Launching blogapp-apis] INFO  o.eclipse.m2e.core.internal.Bundles - getClasspathEntries(Bundle=org.apache.commons.cli_1.8.0 [76])
2024-12-12 12:08:01,366 [Worker-33: Launching blogapp-apis] INFO  o.eclipse.m2e.core.internal.Bundles - 	Entry: /home/sakshi/Desktop/sts-4.24.0.RELEASE/plugins/org.apache.commons.cli_1.8.0.jar
2024-12-12 12:08:01,366 [Worker-33: Launching blogapp-apis] INFO  o.eclipse.m2e.core.internal.Bundles - getClasspathEntries(Bundle=org.apache.commons.commons-codec_1.16.0 [78])
2024-12-12 12:08:01,366 [Worker-33: Launching blogapp-apis] INFO  o.eclipse.m2e.core.internal.Bundles - 	Entry: /home/sakshi/Desktop/sts-4.24.0.RELEASE/plugins/org.apache.commons.commons-codec_1.16.0.jar
2024-12-12 12:08:01,366 [Worker-33: Launching blogapp-apis] INFO  o.eclipse.m2e.core.internal.Bundles - getClasspathEntries(Bundle=org.apache.commons.lang3_3.14.0 [82])
2024-12-12 12:08:01,366 [Worker-33: Launching blogapp-apis] INFO  o.eclipse.m2e.core.internal.Bundles - 	Entry: /home/sakshi/Desktop/sts-4.24.0.RELEASE/plugins/org.apache.commons.lang3_3.14.0.jar
2024-12-12 12:08:01,366 [Worker-33: Launching blogapp-apis] INFO  o.eclipse.m2e.core.internal.Bundles - getClasspathEntries(Bundle=com.google.guava.failureaccess_1.0.2 [30])
2024-12-12 12:08:01,366 [Worker-33: Launching blogapp-apis] INFO  o.eclipse.m2e.core.internal.Bundles - 	Entry: /home/sakshi/Desktop/sts-4.24.0.RELEASE/plugins/com.google.guava.failureaccess_1.0.2.jar
2024-12-12 12:08:01,367 [Worker-33: Launching blogapp-apis] INFO  o.e.m.i.launch.MavenLaunchDelegate - Run build in "/home/sakshi/Desktop/Blog Application/blogapp-apis":
2024-12-12 12:08:01,367 [Worker-33: Launching blogapp-apis] INFO  o.e.m.i.launch.MavenLaunchDelegate -  mvn  -B -Dstyle.color=always 
2024-12-12 12:09:20,183 [Worker-32: Building] INFO  o.a.m.s.f.DefaultMavenResourcesFiltering - Copying 0 resource
2024-12-12 12:09:20,183 [Worker-32: Building] INFO  o.a.m.s.f.DefaultMavenResourcesFiltering - Copying 0 resource
2024-12-12 12:09:20,186 [Worker-32: Building] INFO  o.a.m.s.f.DefaultMavenResourcesFiltering - skip non existing resourceDirectory /home/sakshi/Desktop/Blog Application/blogapp-apis/src/test/resources
2024-12-12 12:15:44,644 [Worker-7: Loading available Gradle versions] INFO  o.e.b.c.i.u.g.PublishedGradleVersions - Gradle version information cache is up-to-date. Trying to read.
2024-12-12 12:15:48,580 [Worker-10: Launching blogapp-apis] INFO  o.eclipse.m2e.core.internal.Bundles - getClasspathEntries(Bundle=org.eclipse.m2e.maven.runtime_3.9.700.20240602-2313 [354])
2024-12-12 12:15:48,580 [Worker-10: Launching blogapp-apis] INFO  o.eclipse.m2e.core.internal.Bundles - 	Entry: /home/sakshi/Desktop/sts-4.24.0.RELEASE/plugins/org.eclipse.m2e.maven.runtime_3.9.700.20240602-2313
2024-12-12 12:15:48,581 [Worker-10: Launching blogapp-apis] INFO  o.eclipse.m2e.core.internal.Bundles - 	Entry: /home/sakshi/Desktop/sts-4.24.0.RELEASE/plugins/org.eclipse.m2e.maven.runtime_3.9.700.20240602-2313/jars/aopalliance-1.0.jar
2024-12-12 12:15:48,581 [Worker-10: Launching blogapp-apis] INFO  o.eclipse.m2e.core.internal.Bundles - 	Entry: /home/sakshi/Desktop/sts-4.24.0.RELEASE/plugins/org.eclipse.m2e.maven.runtime_3.9.700.20240602-2313/jars/guice-5.1.0.jar
2024-12-12 12:15:48,581 [Worker-10: Launching blogapp-apis] INFO  o.eclipse.m2e.core.internal.Bundles - 	Entry: /home/sakshi/Desktop/sts-4.24.0.RELEASE/plugins/org.eclipse.m2e.maven.runtime_3.9.700.20240602-2313/jars/httpclient-4.5.14.jar
2024-12-12 12:15:48,581 [Worker-10: Launching blogapp-apis] INFO  o.eclipse.m2e.core.internal.Bundles - 	Entry: /home/sakshi/Desktop/sts-4.24.0.RELEASE/plugins/org.eclipse.m2e.maven.runtime_3.9.700.20240602-2313/jars/httpcore-4.4.16.jar
2024-12-12 12:15:48,581 [Worker-10: Launching blogapp-apis] INFO  o.eclipse.m2e.core.internal.Bundles - 	Entry: /home/sakshi/Desktop/sts-4.24.0.RELEASE/plugins/org.eclipse.m2e.maven.runtime_3.9.700.20240602-2313/jars/jansi-2.4.1.jar
2024-12-12 12:15:48,581 [Worker-10: Launching blogapp-apis] INFO  o.eclipse.m2e.core.internal.Bundles - 	Entry: /home/sakshi/Desktop/sts-4.24.0.RELEASE/plugins/org.eclipse.m2e.maven.runtime_3.9.700.20240602-2313/jars/jcl-over-slf4j-1.7.36.jar
2024-12-12 12:15:48,581 [Worker-10: Launching blogapp-apis] INFO  o.eclipse.m2e.core.internal.Bundles - 	Entry: /home/sakshi/Desktop/sts-4.24.0.RELEASE/plugins/org.eclipse.m2e.maven.runtime_3.9.700.20240602-2313/jars/maven-artifact-3.9.7.jar
2024-12-12 12:15:48,581 [Worker-10: Launching blogapp-apis] INFO  o.eclipse.m2e.core.internal.Bundles - 	Entry: /home/sakshi/Desktop/sts-4.24.0.RELEASE/plugins/org.eclipse.m2e.maven.runtime_3.9.700.20240602-2313/jars/maven-builder-support-3.9.7.jar
2024-12-12 12:15:48,581 [Worker-10: Launching blogapp-apis] INFO  o.eclipse.m2e.core.internal.Bundles - 	Entry: /home/sakshi/Desktop/sts-4.24.0.RELEASE/plugins/org.eclipse.m2e.maven.runtime_3.9.700.20240602-2313/jars/maven-compat-3.9.7.jar
2024-12-12 12:15:48,581 [Worker-10: Launching blogapp-apis] INFO  o.eclipse.m2e.core.internal.Bundles - 	Entry: /home/sakshi/Desktop/sts-4.24.0.RELEASE/plugins/org.eclipse.m2e.maven.runtime_3.9.700.20240602-2313/jars/maven-core-3.9.7.jar
2024-12-12 12:15:48,581 [Worker-10: Launching blogapp-apis] INFO  o.eclipse.m2e.core.internal.Bundles - 	Entry: /home/sakshi/Desktop/sts-4.24.0.RELEASE/plugins/org.eclipse.m2e.maven.runtime_3.9.700.20240602-2313/jars/maven-embedder-3.9.7.jar
2024-12-12 12:15:48,581 [Worker-10: Launching blogapp-apis] INFO  o.eclipse.m2e.core.internal.Bundles - 	Entry: /home/sakshi/Desktop/sts-4.24.0.RELEASE/plugins/org.eclipse.m2e.maven.runtime_3.9.700.20240602-2313/jars/maven-model-3.9.7.jar
2024-12-12 12:15:48,581 [Worker-10: Launching blogapp-apis] INFO  o.eclipse.m2e.core.internal.Bundles - 	Entry: /home/sakshi/Desktop/sts-4.24.0.RELEASE/plugins/org.eclipse.m2e.maven.runtime_3.9.700.20240602-2313/jars/maven-model-builder-3.9.7.jar
2024-12-12 12:15:48,581 [Worker-10: Launching blogapp-apis] INFO  o.eclipse.m2e.core.internal.Bundles - 	Entry: /home/sakshi/Desktop/sts-4.24.0.RELEASE/plugins/org.eclipse.m2e.maven.runtime_3.9.700.20240602-2313/jars/maven-plugin-api-3.9.7.jar
2024-12-12 12:15:48,581 [Worker-10: Launching blogapp-apis] INFO  o.eclipse.m2e.core.internal.Bundles - 	Entry: /home/sakshi/Desktop/sts-4.24.0.RELEASE/plugins/org.eclipse.m2e.maven.runtime_3.9.700.20240602-2313/jars/maven-repository-metadata-3.9.7.jar
2024-12-12 12:15:48,581 [Worker-10: Launching blogapp-apis] INFO  o.eclipse.m2e.core.internal.Bundles - 	Entry: /home/sakshi/Desktop/sts-4.24.0.RELEASE/plugins/org.eclipse.m2e.maven.runtime_3.9.700.20240602-2313/jars/maven-resolver-api-1.9.20.jar
2024-12-12 12:15:48,581 [Worker-10: Launching blogapp-apis] INFO  o.eclipse.m2e.core.internal.Bundles - 	Entry: /home/sakshi/Desktop/sts-4.24.0.RELEASE/plugins/org.eclipse.m2e.maven.runtime_3.9.700.20240602-2313/jars/maven-resolver-connector-basic-1.9.20.jar
2024-12-12 12:15:48,581 [Worker-10: Launching blogapp-apis] INFO  o.eclipse.m2e.core.internal.Bundles - 	Entry: /home/sakshi/Desktop/sts-4.24.0.RELEASE/plugins/org.eclipse.m2e.maven.runtime_3.9.700.20240602-2313/jars/maven-resolver-impl-1.9.20.jar
2024-12-12 12:15:48,581 [Worker-10: Launching blogapp-apis] INFO  o.eclipse.m2e.core.internal.Bundles - 	Entry: /home/sakshi/Desktop/sts-4.24.0.RELEASE/plugins/org.eclipse.m2e.maven.runtime_3.9.700.20240602-2313/jars/maven-resolver-named-locks-1.9.20.jar
2024-12-12 12:15:48,581 [Worker-10: Launching blogapp-apis] INFO  o.eclipse.m2e.core.internal.Bundles - 	Entry: /home/sakshi/Desktop/sts-4.24.0.RELEASE/plugins/org.eclipse.m2e.maven.runtime_3.9.700.20240602-2313/jars/maven-resolver-provider-3.9.7.jar
2024-12-12 12:15:48,581 [Worker-10: Launching blogapp-apis] INFO  o.eclipse.m2e.core.internal.Bundles - 	Entry: /home/sakshi/Desktop/sts-4.24.0.RELEASE/plugins/org.eclipse.m2e.maven.runtime_3.9.700.20240602-2313/jars/maven-resolver-spi-1.9.20.jar
2024-12-12 12:15:48,581 [Worker-10: Launching blogapp-apis] INFO  o.eclipse.m2e.core.internal.Bundles - 	Entry: /home/sakshi/Desktop/sts-4.24.0.RELEASE/plugins/org.eclipse.m2e.maven.runtime_3.9.700.20240602-2313/jars/maven-resolver-transport-file-1.9.20.jar
2024-12-12 12:15:48,581 [Worker-10: Launching blogapp-apis] INFO  o.eclipse.m2e.core.internal.Bundles - 	Entry: /home/sakshi/Desktop/sts-4.24.0.RELEASE/plugins/org.eclipse.m2e.maven.runtime_3.9.700.20240602-2313/jars/maven-resolver-transport-http-1.9.20.jar
2024-12-12 12:15:48,581 [Worker-10: Launching blogapp-apis] INFO  o.eclipse.m2e.core.internal.Bundles - 	Entry: /home/sakshi/Desktop/sts-4.24.0.RELEASE/plugins/org.eclipse.m2e.maven.runtime_3.9.700.20240602-2313/jars/maven-resolver-transport-wagon-1.9.20.jar
2024-12-12 12:15:48,581 [Worker-10: Launching blogapp-apis] INFO  o.eclipse.m2e.core.internal.Bundles - 	Entry: /home/sakshi/Desktop/sts-4.24.0.RELEASE/plugins/org.eclipse.m2e.maven.runtime_3.9.700.20240602-2313/jars/maven-resolver-util-1.9.20.jar
2024-12-12 12:15:48,582 [Worker-10: Launching blogapp-apis] INFO  o.eclipse.m2e.core.internal.Bundles - 	Entry: /home/sakshi/Desktop/sts-4.24.0.RELEASE/plugins/org.eclipse.m2e.maven.runtime_3.9.700.20240602-2313/jars/maven-settings-3.9.7.jar
2024-12-12 12:15:48,582 [Worker-10: Launching blogapp-apis] INFO  o.eclipse.m2e.core.internal.Bundles - 	Entry: /home/sakshi/Desktop/sts-4.24.0.RELEASE/plugins/org.eclipse.m2e.maven.runtime_3.9.700.20240602-2313/jars/maven-settings-builder-3.9.7.jar
2024-12-12 12:15:48,582 [Worker-10: Launching blogapp-apis] INFO  o.eclipse.m2e.core.internal.Bundles - 	Entry: /home/sakshi/Desktop/sts-4.24.0.RELEASE/plugins/org.eclipse.m2e.maven.runtime_3.9.700.20240602-2313/jars/maven-shared-utils-3.4.2.jar
2024-12-12 12:15:48,582 [Worker-10: Launching blogapp-apis] INFO  o.eclipse.m2e.core.internal.Bundles - 	Entry: /home/sakshi/Desktop/sts-4.24.0.RELEASE/plugins/org.eclipse.m2e.maven.runtime_3.9.700.20240602-2313/jars/org.eclipse.sisu.inject-0.9.0.M2.jar
2024-12-12 12:15:48,582 [Worker-10: Launching blogapp-apis] INFO  o.eclipse.m2e.core.internal.Bundles - 	Entry: /home/sakshi/Desktop/sts-4.24.0.RELEASE/plugins/org.eclipse.m2e.maven.runtime_3.9.700.20240602-2313/jars/org.eclipse.sisu.plexus-0.9.0.M2.jar
2024-12-12 12:15:48,582 [Worker-10: Launching blogapp-apis] INFO  o.eclipse.m2e.core.internal.Bundles - 	Entry: /home/sakshi/Desktop/sts-4.24.0.RELEASE/plugins/org.eclipse.m2e.maven.runtime_3.9.700.20240602-2313/jars/plexus-build-api-0.0.7.jar
2024-12-12 12:15:48,582 [Worker-10: Launching blogapp-apis] INFO  o.eclipse.m2e.core.internal.Bundles - 	Entry: /home/sakshi/Desktop/sts-4.24.0.RELEASE/plugins/org.eclipse.m2e.maven.runtime_3.9.700.20240602-2313/jars/plexus-build-api-1.2.0.jar
2024-12-12 12:15:48,582 [Worker-10: Launching blogapp-apis] INFO  o.eclipse.m2e.core.internal.Bundles - 	Entry: /home/sakshi/Desktop/sts-4.24.0.RELEASE/plugins/org.eclipse.m2e.maven.runtime_3.9.700.20240602-2313/jars/plexus-cipher-2.0.jar
2024-12-12 12:15:48,582 [Worker-10: Launching blogapp-apis] INFO  o.eclipse.m2e.core.internal.Bundles - 	Entry: /home/sakshi/Desktop/sts-4.24.0.RELEASE/plugins/org.eclipse.m2e.maven.runtime_3.9.700.20240602-2313/jars/plexus-classworlds-2.8.0.jar
2024-12-12 12:15:48,582 [Worker-10: Launching blogapp-apis] INFO  o.eclipse.m2e.core.internal.Bundles - 	Entry: /home/sakshi/Desktop/sts-4.24.0.RELEASE/plugins/org.eclipse.m2e.maven.runtime_3.9.700.20240602-2313/jars/plexus-component-annotations-2.1.0.jar
2024-12-12 12:15:48,582 [Worker-10: Launching blogapp-apis] INFO  o.eclipse.m2e.core.internal.Bundles - 	Entry: /home/sakshi/Desktop/sts-4.24.0.RELEASE/plugins/org.eclipse.m2e.maven.runtime_3.9.700.20240602-2313/jars/plexus-interpolation-1.27.jar
2024-12-12 12:15:48,582 [Worker-10: Launching blogapp-apis] INFO  o.eclipse.m2e.core.internal.Bundles - 	Entry: /home/sakshi/Desktop/sts-4.24.0.RELEASE/plugins/org.eclipse.m2e.maven.runtime_3.9.700.20240602-2313/jars/plexus-sec-dispatcher-2.0.jar
2024-12-12 12:15:48,582 [Worker-10: Launching blogapp-apis] INFO  o.eclipse.m2e.core.internal.Bundles - 	Entry: /home/sakshi/Desktop/sts-4.24.0.RELEASE/plugins/org.eclipse.m2e.maven.runtime_3.9.700.20240602-2313/jars/plexus-utils-3.5.1.jar
2024-12-12 12:15:48,582 [Worker-10: Launching blogapp-apis] INFO  o.eclipse.m2e.core.internal.Bundles - 	Entry: /home/sakshi/Desktop/sts-4.24.0.RELEASE/plugins/org.eclipse.m2e.maven.runtime_3.9.700.20240602-2313/jars/wagon-file-3.5.3.jar
2024-12-12 12:15:48,582 [Worker-10: Launching blogapp-apis] INFO  o.eclipse.m2e.core.internal.Bundles - 	Entry: /home/sakshi/Desktop/sts-4.24.0.RELEASE/plugins/org.eclipse.m2e.maven.runtime_3.9.700.20240602-2313/jars/wagon-http-3.5.3.jar
2024-12-12 12:15:48,582 [Worker-10: Launching blogapp-apis] INFO  o.eclipse.m2e.core.internal.Bundles - 	Entry: /home/sakshi/Desktop/sts-4.24.0.RELEASE/plugins/org.eclipse.m2e.maven.runtime_3.9.700.20240602-2313/jars/wagon-http-shared-3.5.3.jar
2024-12-12 12:15:48,582 [Worker-10: Launching blogapp-apis] INFO  o.eclipse.m2e.core.internal.Bundles - 	Entry: /home/sakshi/Desktop/sts-4.24.0.RELEASE/plugins/org.eclipse.m2e.maven.runtime_3.9.700.20240602-2313/jars/wagon-provider-api-3.5.3.jar
2024-12-12 12:15:48,583 [Worker-10: Launching blogapp-apis] INFO  o.eclipse.m2e.core.internal.Bundles - getClasspathEntries(Bundle=com.google.guava_33.2.0.jre [29])
2024-12-12 12:15:48,583 [Worker-10: Launching blogapp-apis] INFO  o.eclipse.m2e.core.internal.Bundles - 	Entry: /home/sakshi/Desktop/sts-4.24.0.RELEASE/plugins/com.google.guava_33.2.0.jre.jar
2024-12-12 12:15:48,583 [Worker-10: Launching blogapp-apis] INFO  o.eclipse.m2e.core.internal.Bundles - getClasspathEntries(Bundle=slf4j.api_2.0.13 [586])
2024-12-12 12:15:48,583 [Worker-10: Launching blogapp-apis] INFO  o.eclipse.m2e.core.internal.Bundles - 	Entry: /home/sakshi/Desktop/sts-4.24.0.RELEASE/plugins/slf4j.api_2.0.13.jar
2024-12-12 12:15:48,583 [Worker-10: Launching blogapp-apis] INFO  o.eclipse.m2e.core.internal.Bundles - getClasspathEntries(Bundle=jakarta.inject.jakarta.inject-api_1.0.5 [44])
2024-12-12 12:15:48,583 [Worker-10: Launching blogapp-apis] INFO  o.eclipse.m2e.core.internal.Bundles - 	Entry: /home/sakshi/Desktop/sts-4.24.0.RELEASE/plugins/jakarta.inject.jakarta.inject-api_1.0.5.jar
2024-12-12 12:15:48,583 [Worker-10: Launching blogapp-apis] INFO  o.eclipse.m2e.core.internal.Bundles - getClasspathEntries(Bundle=javax.annotation_1.3.5.v20200909-1856 [53])
2024-12-12 12:15:48,583 [Worker-10: Launching blogapp-apis] INFO  o.eclipse.m2e.core.internal.Bundles - 	Entry: /home/sakshi/Desktop/sts-4.24.0.RELEASE/plugins/javax.annotation_1.3.5.v20200909-1856.jar
2024-12-12 12:15:48,583 [Worker-10: Launching blogapp-apis] INFO  o.eclipse.m2e.core.internal.Bundles - getClasspathEntries(Bundle=org.apache.commons.cli_1.8.0 [76])
2024-12-12 12:15:48,583 [Worker-10: Launching blogapp-apis] INFO  o.eclipse.m2e.core.internal.Bundles - 	Entry: /home/sakshi/Desktop/sts-4.24.0.RELEASE/plugins/org.apache.commons.cli_1.8.0.jar
2024-12-12 12:15:48,583 [Worker-10: Launching blogapp-apis] INFO  o.eclipse.m2e.core.internal.Bundles - getClasspathEntries(Bundle=org.apache.commons.commons-codec_1.16.0 [78])
2024-12-12 12:15:48,583 [Worker-10: Launching blogapp-apis] INFO  o.eclipse.m2e.core.internal.Bundles - 	Entry: /home/sakshi/Desktop/sts-4.24.0.RELEASE/plugins/org.apache.commons.commons-codec_1.16.0.jar
2024-12-12 12:15:48,583 [Worker-10: Launching blogapp-apis] INFO  o.eclipse.m2e.core.internal.Bundles - getClasspathEntries(Bundle=org.apache.commons.lang3_3.14.0 [82])
2024-12-12 12:15:48,584 [Worker-10: Launching blogapp-apis] INFO  o.eclipse.m2e.core.internal.Bundles - 	Entry: /home/sakshi/Desktop/sts-4.24.0.RELEASE/plugins/org.apache.commons.lang3_3.14.0.jar
2024-12-12 12:15:48,584 [Worker-10: Launching blogapp-apis] INFO  o.eclipse.m2e.core.internal.Bundles - getClasspathEntries(Bundle=com.google.guava.failureaccess_1.0.2 [30])
2024-12-12 12:15:48,584 [Worker-10: Launching blogapp-apis] INFO  o.eclipse.m2e.core.internal.Bundles - 	Entry: /home/sakshi/Desktop/sts-4.24.0.RELEASE/plugins/com.google.guava.failureaccess_1.0.2.jar
2024-12-12 12:15:48,587 [Worker-10: Launching blogapp-apis] INFO  o.e.m.i.launch.MavenLaunchDelegate - Run build in "/home/sakshi/Desktop/Blog Application/blogapp-apis":
2024-12-12 12:15:48,588 [Worker-10: Launching blogapp-apis] INFO  o.e.m.i.launch.MavenLaunchDelegate -  mvn  -B -Dstyle.color=always 
2024-12-12 12:37:03,595 [Worker-13: Building] INFO  o.a.m.s.f.DefaultMavenResourcesFiltering - Copying 1 resource
2024-12-12 12:37:03,629 [Worker-13: Building] INFO  o.a.m.s.f.DefaultMavenResourcesFiltering - Copying 1 resource
2024-12-12 12:37:03,639 [Worker-13: Building] INFO  o.a.m.s.f.DefaultMavenResourcesFiltering - skip non existing resourceDirectory /home/sakshi/Desktop/Blog Application/blogapp-apis/src/test/resources
2024-12-12 12:37:05,407 [Worker-12: Building] INFO  o.a.m.s.f.DefaultMavenResourcesFiltering - Copying 1 resource
2024-12-12 12:37:05,413 [Worker-12: Building] INFO  o.a.m.s.f.DefaultMavenResourcesFiltering - Copying 1 resource
2024-12-12 12:37:05,416 [Worker-12: Building] INFO  o.a.m.s.f.DefaultMavenResourcesFiltering - skip non existing resourceDirectory /home/sakshi/Desktop/Blog Application/blogapp-apis/src/test/resources
2024-12-13 11:52:08,171 [Worker-5: Loading available Gradle versions] INFO  o.e.b.c.i.u.g.PublishedGradleVersions - Gradle version information cache is out-of-date. Trying to update.
2024-12-13 11:52:12,032 [Worker-4: Building] INFO  o.e.m.c.i.l.LifecycleMappingFactory - Using org.eclipse.m2e.jdt.JarLifecycleMapping lifecycle mapping for MavenProject: com.blog:blogapp-apis:0.0.1-SNAPSHOT @ /home/sakshi/Desktop/Blog Application/blogapp-apis/pom.xml.
2024-12-13 11:52:13,403 [Worker-4: Building] INFO  o.a.m.s.f.DefaultMavenResourcesFiltering - Copying 1 resource from src/main/resources to target/classes
2024-12-13 11:52:13,430 [Worker-4: Building] INFO  o.a.m.s.f.DefaultMavenResourcesFiltering - Copying 1 resource from src/main/resources to target/classes
2024-12-13 11:52:13,440 [Worker-4: Building] INFO  o.a.m.s.f.DefaultMavenResourcesFiltering - skip non existing resourceDirectory /home/sakshi/Desktop/Blog Application/blogapp-apis/src/test/resources
2024-12-13 12:04:34,822 [Worker-5: Loading available Gradle versions] INFO  o.e.b.c.i.u.g.PublishedGradleVersions - Gradle version information cache is not available. Remote download required.
2024-12-13 14:48:31,832 [Worker-3: Loading available Gradle versions] INFO  o.e.b.c.i.u.g.PublishedGradleVersions - Gradle version information cache is up-to-date. Trying to read.
2024-12-13 15:10:49,704 [Worker-25: Launching BlogappApisApplication] INFO  o.a.m.s.f.DefaultMavenResourcesFiltering - Copying 1 resource from src/main/resources to target/classes
2024-12-13 15:10:49,747 [Worker-25: Launching BlogappApisApplication] INFO  o.a.m.s.f.DefaultMavenResourcesFiltering - Copying 1 resource from src/main/resources to target/classes
2024-12-13 15:10:49,763 [Worker-25: Launching BlogappApisApplication] INFO  o.a.m.s.f.DefaultMavenResourcesFiltering - skip non existing resourceDirectory /home/sakshi/Desktop/Blog Application/blogapp-apis/src/test/resources
2024-12-13 15:10:50,759 [Worker-23: Building] INFO  o.a.m.s.f.DefaultMavenResourcesFiltering - Copying 1 resource from src/main/resources to target/classes
2024-12-13 15:10:50,765 [Worker-23: Building] INFO  o.a.m.s.f.DefaultMavenResourcesFiltering - Copying 1 resource from src/main/resources to target/classes
2024-12-13 15:10:50,768 [Worker-23: Building] INFO  o.a.m.s.f.DefaultMavenResourcesFiltering - skip non existing resourceDirectory /home/sakshi/Desktop/Blog Application/blogapp-apis/src/test/resources
2024-12-13 15:17:13,004 [Worker-32: Building] INFO  o.a.m.s.f.DefaultMavenResourcesFiltering - Copying 0 resource from src/main/resources to target/classes
2024-12-13 15:17:13,004 [Worker-32: Building] INFO  o.a.m.s.f.DefaultMavenResourcesFiltering - Copying 0 resource from src/main/resources to target/classes
2024-12-13 15:17:13,006 [Worker-32: Building] INFO  o.a.m.s.f.DefaultMavenResourcesFiltering - skip non existing resourceDirectory /home/sakshi/Desktop/Blog Application/blogapp-apis/src/test/resources
2024-12-13 17:34:51,942 [Worker-52: Updating Maven Project] INFO  o.e.m.c.i.p.ProjectConfigurationManager - Update started
2024-12-13 17:34:52,322 [Worker-52: Updating Maven Project] INFO  o.e.m.c.i.l.LifecycleMappingFactory - Using org.eclipse.m2e.jdt.JarLifecycleMapping lifecycle mapping for MavenProject: com.blog:blogapp-apis:0.0.1-SNAPSHOT @ /home/sakshi/Desktop/Blog Application/blogapp-apis/pom.xml.
2024-12-13 17:34:52,619 [Worker-52: Updating Maven Project] INFO  o.e.m.j.i.AbstractJavaProjectConfigurator - Adding source folder /blogapp-apis/src/main/java
2024-12-13 17:34:52,620 [Worker-52: Updating Maven Project] INFO  o.e.m.j.i.AbstractJavaProjectConfigurator - Adding resource folder /blogapp-apis/src/main/resources
2024-12-13 17:34:52,621 [Worker-52: Updating Maven Project] INFO  o.e.m.j.i.AbstractJavaProjectConfigurator - Adding resource folder /blogapp-apis/src/main/resources
2024-12-13 17:34:52,621 [Worker-52: Updating Maven Project] INFO  o.e.m.j.i.AbstractJavaProjectConfigurator - Adding source folder /blogapp-apis/src/test/java
2024-12-13 17:34:52,621 [Worker-52: Updating Maven Project] INFO  o.e.m.j.i.AbstractJavaProjectConfigurator - Adding resource folder /blogapp-apis/src/test/resources
2024-12-13 17:34:52,673 [Worker-52: Updating Maven Project] INFO  o.e.m.jdt.internal.UnitTestSupport - Reset launch configuration name: BlogappApisApplicationTests
2024-12-13 17:34:52,673 [Worker-52: Updating Maven Project] INFO  o.e.m.jdt.internal.UnitTestSupport - Updating BlogappApisApplicationTests from maven configuration
2024-12-13 17:34:52,951 [Worker-52: Updating Maven Project] INFO  o.e.m.c.i.p.ProjectConfigurationManager - Update completed for 1 poms: local refresh takes 0.00 sec, refresh facades takes 0.00 sec, update config takes 0.00 sec 
2024-12-13 17:34:53,600 [Worker-53: Building] INFO  o.a.m.s.f.DefaultMavenResourcesFiltering - Copying 1 resource from src/main/resources to target/classes
2024-12-13 17:34:53,610 [Worker-53: Building] INFO  o.a.m.s.f.DefaultMavenResourcesFiltering - Copying 1 resource from src/main/resources to target/classes
2024-12-13 17:34:53,615 [Worker-53: Building] INFO  o.a.m.s.f.DefaultMavenResourcesFiltering - skip non existing resourceDirectory /home/sakshi/Desktop/Blog Application/blogapp-apis/src/test/resources
2024-12-13 17:34:58,948 [Worker-55: Launching BlogappApisApplication] INFO  o.a.m.s.f.DefaultMavenResourcesFiltering - Copying 1 resource from src/main/resources to target/classes
2024-12-13 17:34:58,972 [Worker-55: Launching BlogappApisApplication] INFO  o.a.m.s.f.DefaultMavenResourcesFiltering - Copying 1 resource from src/main/resources to target/classes
2024-12-13 17:34:58,987 [Worker-55: Launching BlogappApisApplication] INFO  o.a.m.s.f.DefaultMavenResourcesFiltering - skip non existing resourceDirectory /home/sakshi/Desktop/Blog Application/blogapp-apis/src/test/resources
2024-12-13 18:30:26,937 [Worker-60: Building] INFO  o.a.m.s.f.DefaultMavenResourcesFiltering - Copying 1 resource from src/main/resources to target/classes
2024-12-13 18:30:26,976 [Worker-60: Building] INFO  o.a.m.s.f.DefaultMavenResourcesFiltering - Copying 1 resource from src/main/resources to target/classes
2024-12-13 18:30:26,998 [Worker-60: Building] INFO  o.a.m.s.f.DefaultMavenResourcesFiltering - skip non existing resourceDirectory /home/sakshi/Desktop/Blog Application/blogapp-apis/src/test/resources
2024-12-17 14:44:38,248 [Worker-4: Loading available Gradle versions] INFO  o.e.b.c.i.u.g.PublishedGradleVersions - Gradle version information cache is up-to-date. Trying to read.
2024-12-17 15:01:00,244 [Worker-4: Loading available Gradle versions] INFO  o.e.b.c.i.u.g.PublishedGradleVersions - Gradle version information cache is out-of-date. Trying to update.
2024-12-17 15:18:12,422 [Worker-18: Updating Maven Project] INFO  o.e.m.c.i.p.ProjectConfigurationManager - Update started
2024-12-17 15:18:12,825 [Worker-18: Updating Maven Project] INFO  o.e.m.c.i.l.LifecycleMappingFactory - Using org.eclipse.m2e.jdt.JarLifecycleMapping lifecycle mapping for MavenProject: com.blog:blogapp-apis:0.0.1-SNAPSHOT @ /home/sakshi/Desktop/Blog Application/blogapp-apis/pom.xml.
2024-12-17 15:18:13,169 [Worker-18: Updating Maven Project] INFO  o.e.m.j.i.AbstractJavaProjectConfigurator - Adding source folder /blogapp-apis/src/main/java
2024-12-17 15:18:13,171 [Worker-18: Updating Maven Project] INFO  o.e.m.j.i.AbstractJavaProjectConfigurator - Adding resource folder /blogapp-apis/src/main/resources
2024-12-17 15:18:13,171 [Worker-18: Updating Maven Project] INFO  o.e.m.j.i.AbstractJavaProjectConfigurator - Adding resource folder /blogapp-apis/src/main/resources
2024-12-17 15:18:13,171 [Worker-18: Updating Maven Project] INFO  o.e.m.j.i.AbstractJavaProjectConfigurator - Adding source folder /blogapp-apis/src/test/java
2024-12-17 15:18:13,172 [Worker-18: Updating Maven Project] INFO  o.e.m.j.i.AbstractJavaProjectConfigurator - Adding resource folder /blogapp-apis/src/test/resources
2024-12-17 15:18:13,226 [Worker-18: Updating Maven Project] INFO  o.e.m.jdt.internal.UnitTestSupport - Reset launch configuration name: BlogappApisApplicationTests
2024-12-17 15:18:13,227 [Worker-18: Updating Maven Project] INFO  o.e.m.jdt.internal.UnitTestSupport - Updating BlogappApisApplicationTests from maven configuration
2024-12-17 15:18:13,528 [Worker-18: Updating Maven Project] INFO  o.e.m.c.i.p.ProjectConfigurationManager - Update completed for 1 poms: local refresh takes 0.00 sec, refresh facades takes 0.00 sec, update config takes 0.00 sec 
2024-12-17 15:18:14,387 [Worker-18: Building] INFO  o.a.m.s.f.DefaultMavenResourcesFiltering - Copying 1 resource from src/main/resources to target/classes
2024-12-17 15:18:14,415 [Worker-18: Building] INFO  o.a.m.s.f.DefaultMavenResourcesFiltering - Copying 1 resource from src/main/resources to target/classes
2024-12-17 15:18:14,421 [Worker-18: Building] INFO  o.a.m.s.f.DefaultMavenResourcesFiltering - skip non existing resourceDirectory /home/sakshi/Desktop/Blog Application/blogapp-apis/src/test/resources
2024-12-17 15:18:33,853 [Worker-25: Updating Maven Project] INFO  o.e.m.c.i.p.ProjectConfigurationManager - Update started
2024-12-17 15:18:33,969 [Worker-25: Updating Maven Project] INFO  o.e.m.c.i.l.LifecycleMappingFactory - Using org.eclipse.m2e.jdt.JarLifecycleMapping lifecycle mapping for MavenProject: com.blog:blogapp-apis:0.0.1-SNAPSHOT @ /home/sakshi/Desktop/Blog Application/blogapp-apis/pom.xml.
2024-12-17 15:18:34,209 [Worker-25: Updating Maven Project] INFO  o.e.m.j.i.AbstractJavaProjectConfigurator - Adding source folder /blogapp-apis/src/main/java
2024-12-17 15:18:34,210 [Worker-25: Updating Maven Project] INFO  o.e.m.j.i.AbstractJavaProjectConfigurator - Adding resource folder /blogapp-apis/src/main/resources
2024-12-17 15:18:34,210 [Worker-25: Updating Maven Project] INFO  o.e.m.j.i.AbstractJavaProjectConfigurator - Adding resource folder /blogapp-apis/src/main/resources
2024-12-17 15:18:34,210 [Worker-25: Updating Maven Project] INFO  o.e.m.j.i.AbstractJavaProjectConfigurator - Adding source folder /blogapp-apis/src/test/java
2024-12-17 15:18:34,210 [Worker-25: Updating Maven Project] INFO  o.e.m.j.i.AbstractJavaProjectConfigurator - Adding resource folder /blogapp-apis/src/test/resources
2024-12-17 15:18:34,283 [Worker-25: Updating Maven Project] INFO  o.e.m.jdt.internal.UnitTestSupport - Reset launch configuration name: BlogappApisApplicationTests
2024-12-17 15:18:34,283 [Worker-25: Updating Maven Project] INFO  o.e.m.jdt.internal.UnitTestSupport - Updating BlogappApisApplicationTests from maven configuration
2024-12-17 15:18:34,363 [Worker-25: Updating Maven Project] INFO  o.e.m.c.i.p.ProjectConfigurationManager - Update completed for 1 poms: local refresh takes 0.00 sec, refresh facades takes 0.00 sec, update config takes 0.00 sec 
2024-12-17 15:18:34,859 [Worker-25: Building] INFO  o.a.m.s.f.DefaultMavenResourcesFiltering - Copying 1 resource from src/main/resources to target/classes
2024-12-17 15:18:34,868 [Worker-25: Building] INFO  o.a.m.s.f.DefaultMavenResourcesFiltering - Copying 1 resource from src/main/resources to target/classes
2024-12-17 15:18:34,875 [Worker-25: Building] INFO  o.a.m.s.f.DefaultMavenResourcesFiltering - skip non existing resourceDirectory /home/sakshi/Desktop/Blog Application/blogapp-apis/src/test/resources
2024-12-17 15:29:04,782 [Start Help Server] INFO  org.eclipse.jetty.server.Server - jetty-12.0.15; built: 2024-11-05T19:44:57.623Z; git: 8281ae9740d4b4225e8166cc476bad237c70213a; jvm 21.0.5+11-LTS
2024-12-17 15:29:04,816 [Start Help Server] INFO  o.e.j.server.handler.ContextHandler - Started oeje8n.ContextHandler$CoreContextHandler@7267b2ec{/help,/help,b=null,a=AVAILABLE,h=oeje8n.ContextHandler$CoreContextHandler$CoreToNestedHandler@4310dc1{STARTED}}
2024-12-17 15:29:04,816 [Start Help Server] INFO  o.e.j.s.DefaultSessionIdManager - Session workerName=node0
2024-12-17 15:29:04,823 [Start Help Server] INFO  o.e.jetty.server.AbstractConnector - Started ServerConnector@284f65eb{HTTP/1.1, (http/1.1)}{127.0.0.1:41511}
2024-12-17 15:29:04,832 [Start Help Server] INFO  org.eclipse.jetty.server.Server - Started oejs.Server@6fc9986c{STARTING}[12.0.15,sto=0] @1700154ms
2024-12-17 15:29:05,568 [qtp125205196-244] INFO  o.e.j.e.nested.ContextHandler._help - Warning: No org.apache.tomcat.JarScanner set in ServletContext. Falling back to default JarScanner implementation.
2024-12-17 15:29:05,869 [qtp125205196-244] INFO  o.e.j.e.nested.ContextHandler._help - Warning: No org.apache.tomcat.JarScanner set in ServletContext. Falling back to default JarScanner implementation.
2024-12-17 15:45:42,083 [Worker-27: Building] ERROR o.e.m.c.i.URLConnectionCaches - Unexpected URLConnection defaultUseCaches enabled
2024-12-17 15:45:42,092 [Worker-27: Building] INFO  o.a.m.s.f.DefaultMavenResourcesFiltering - Copying 0 resource from src/main/resources to target/classes
2024-12-17 15:45:42,092 [Worker-27: Building] INFO  o.a.m.s.f.DefaultMavenResourcesFiltering - Copying 0 resource from src/main/resources to target/classes
2024-12-17 15:45:42,094 [Worker-27: Building] INFO  o.a.m.s.f.DefaultMavenResourcesFiltering - skip non existing resourceDirectory /home/sakshi/Desktop/Blog Application/blogapp-apis/src/test/resources
2024-12-17 15:45:52,628 [Worker-27: Building] ERROR o.e.m.c.i.URLConnectionCaches - Unexpected URLConnection defaultUseCaches enabled
2024-12-17 15:45:52,631 [Worker-27: Building] INFO  o.a.m.s.f.DefaultMavenResourcesFiltering - Copying 0 resource from src/main/resources to target/classes
2024-12-17 15:45:52,631 [Worker-27: Building] INFO  o.a.m.s.f.DefaultMavenResourcesFiltering - Copying 0 resource from src/main/resources to target/classes
2024-12-17 15:45:52,634 [Worker-27: Building] INFO  o.a.m.s.f.DefaultMavenResourcesFiltering - skip non existing resourceDirectory /home/sakshi/Desktop/Blog Application/blogapp-apis/src/test/resources
2024-12-17 15:45:59,786 [Worker-37: Building] ERROR o.e.m.c.i.URLConnectionCaches - Unexpected URLConnection defaultUseCaches enabled
2024-12-17 15:45:59,788 [Worker-37: Building] INFO  o.a.m.s.f.DefaultMavenResourcesFiltering - Copying 0 resource from src/main/resources to target/classes
2024-12-17 15:45:59,788 [Worker-37: Building] INFO  o.a.m.s.f.DefaultMavenResourcesFiltering - Copying 0 resource from src/main/resources to target/classes
2024-12-17 15:45:59,790 [Worker-37: Building] INFO  o.a.m.s.f.DefaultMavenResourcesFiltering - skip non existing resourceDirectory /home/sakshi/Desktop/Blog Application/blogapp-apis/src/test/resources
2024-12-17 15:46:09,230 [Worker-36: Building] ERROR o.e.m.c.i.URLConnectionCaches - Unexpected URLConnection defaultUseCaches enabled
2024-12-17 15:46:09,233 [Worker-36: Building] INFO  o.a.m.s.f.DefaultMavenResourcesFiltering - Copying 0 resource from src/main/resources to target/classes
2024-12-17 15:46:09,234 [Worker-36: Building] INFO  o.a.m.s.f.DefaultMavenResourcesFiltering - Copying 0 resource from src/main/resources to target/classes
2024-12-17 15:46:09,236 [Worker-36: Building] INFO  o.a.m.s.f.DefaultMavenResourcesFiltering - skip non existing resourceDirectory /home/sakshi/Desktop/Blog Application/blogapp-apis/src/test/resources
2024-12-17 15:46:15,936 [Worker-37: Building] ERROR o.e.m.c.i.URLConnectionCaches - Unexpected URLConnection defaultUseCaches enabled
2024-12-17 15:46:15,939 [Worker-37: Building] INFO  o.a.m.s.f.DefaultMavenResourcesFiltering - Copying 0 resource from src/main/resources to target/classes
2024-12-17 15:46:15,940 [Worker-37: Building] INFO  o.a.m.s.f.DefaultMavenResourcesFiltering - Copying 0 resource from src/main/resources to target/classes
2024-12-17 15:46:15,942 [Worker-37: Building] INFO  o.a.m.s.f.DefaultMavenResourcesFiltering - skip non existing resourceDirectory /home/sakshi/Desktop/Blog Application/blogapp-apis/src/test/resources
2024-12-17 15:46:24,912 [Worker-36: Building] ERROR o.e.m.c.i.URLConnectionCaches - Unexpected URLConnection defaultUseCaches enabled
2024-12-17 15:46:24,915 [Worker-36: Building] INFO  o.a.m.s.f.DefaultMavenResourcesFiltering - Copying 0 resource from src/main/resources to target/classes
2024-12-17 15:46:24,915 [Worker-36: Building] INFO  o.a.m.s.f.DefaultMavenResourcesFiltering - Copying 0 resource from src/main/resources to target/classes
2024-12-17 15:46:24,917 [Worker-36: Building] INFO  o.a.m.s.f.DefaultMavenResourcesFiltering - skip non existing resourceDirectory /home/sakshi/Desktop/Blog Application/blogapp-apis/src/test/resources
2024-12-17 15:46:29,595 [Worker-37: Building] ERROR o.e.m.c.i.URLConnectionCaches - Unexpected URLConnection defaultUseCaches enabled
2024-12-17 15:46:29,598 [Worker-37: Building] INFO  o.a.m.s.f.DefaultMavenResourcesFiltering - Copying 0 resource from src/main/resources to target/classes
2024-12-17 15:46:29,599 [Worker-37: Building] INFO  o.a.m.s.f.DefaultMavenResourcesFiltering - Copying 0 resource from src/main/resources to target/classes
2024-12-17 15:46:29,601 [Worker-37: Building] INFO  o.a.m.s.f.DefaultMavenResourcesFiltering - skip non existing resourceDirectory /home/sakshi/Desktop/Blog Application/blogapp-apis/src/test/resources
2024-12-17 15:46:36,739 [Worker-38: Building] ERROR o.e.m.c.i.URLConnectionCaches - Unexpected URLConnection defaultUseCaches enabled
2024-12-17 15:46:36,741 [Worker-38: Building] INFO  o.a.m.s.f.DefaultMavenResourcesFiltering - Copying 0 resource from src/main/resources to target/classes
2024-12-17 15:46:36,741 [Worker-38: Building] INFO  o.a.m.s.f.DefaultMavenResourcesFiltering - Copying 0 resource from src/main/resources to target/classes
2024-12-17 15:46:36,743 [Worker-38: Building] INFO  o.a.m.s.f.DefaultMavenResourcesFiltering - skip non existing resourceDirectory /home/sakshi/Desktop/Blog Application/blogapp-apis/src/test/resources
2024-12-17 15:46:41,982 [Worker-37: Building] ERROR o.e.m.c.i.URLConnectionCaches - Unexpected URLConnection defaultUseCaches enabled
2024-12-17 15:46:41,985 [Worker-37: Building] INFO  o.a.m.s.f.DefaultMavenResourcesFiltering - Copying 0 resource from src/main/resources to target/classes
2024-12-17 15:46:41,985 [Worker-37: Building] INFO  o.a.m.s.f.DefaultMavenResourcesFiltering - Copying 0 resource from src/main/resources to target/classes
2024-12-17 15:46:41,987 [Worker-37: Building] INFO  o.a.m.s.f.DefaultMavenResourcesFiltering - skip non existing resourceDirectory /home/sakshi/Desktop/Blog Application/blogapp-apis/src/test/resources
2024-12-17 15:46:51,683 [Worker-38: Building] ERROR o.e.m.c.i.URLConnectionCaches - Unexpected URLConnection defaultUseCaches enabled
2024-12-17 15:46:51,685 [Worker-38: Building] INFO  o.a.m.s.f.DefaultMavenResourcesFiltering - Copying 0 resource from src/main/resources to target/classes
2024-12-17 15:46:51,686 [Worker-38: Building] INFO  o.a.m.s.f.DefaultMavenResourcesFiltering - Copying 0 resource from src/main/resources to target/classes
2024-12-17 15:46:51,687 [Worker-38: Building] INFO  o.a.m.s.f.DefaultMavenResourcesFiltering - skip non existing resourceDirectory /home/sakshi/Desktop/Blog Application/blogapp-apis/src/test/resources
2024-12-17 15:46:59,458 [Worker-38: Building] ERROR o.e.m.c.i.URLConnectionCaches - Unexpected URLConnection defaultUseCaches enabled
2024-12-17 15:46:59,460 [Worker-38: Building] INFO  o.a.m.s.f.DefaultMavenResourcesFiltering - Copying 0 resource from src/main/resources to target/classes
2024-12-17 15:46:59,461 [Worker-38: Building] INFO  o.a.m.s.f.DefaultMavenResourcesFiltering - Copying 0 resource from src/main/resources to target/classes
2024-12-17 15:46:59,463 [Worker-38: Building] INFO  o.a.m.s.f.DefaultMavenResourcesFiltering - skip non existing resourceDirectory /home/sakshi/Desktop/Blog Application/blogapp-apis/src/test/resources
2024-12-17 18:30:23,391 [Stop Help Server] INFO  org.eclipse.jetty.server.Server - Stopped oejs.Server@6fc9986c{STOPPING}[12.0.15,sto=0]
2024-12-17 18:30:23,394 [Stop Help Server] INFO  o.e.jetty.server.AbstractConnector - Stopped ServerConnector@284f65eb{HTTP/1.1, (http/1.1)}{127.0.0.1:0}
